<?xml version="1.0" encoding="UTF-8"?>
<robot generator="Robot 3.2.2 (Python 3.8.0 on win32)" generated="20201221 14:42:26.167" rpa="false">
<suite id="s1" name="TestCases Gmail" source="E:\Important Docs\Chinmaya\Numerator_Assignment\Test_Cases\TestCases_Gmail.robot">
<kw name="Import Resource" library="BuiltIn" type="setup">
<doc>Imports a resource file with the given path.</doc>
<arguments>
<arg>E:\\Important Docs\\Chinmaya\\Numerator_Assignment\\Test_Cases/../Object_Repository/Language_Strings_${languageCode}.robot</arg>
</arguments>
<status status="PASS" starttime="20201221 14:42:26.439" endtime="20201221 14:42:26.441"></status>
</kw>
<test id="s1-t1" name="Validate that All Elements are Present on Gmail Login Landing Page">
<kw name="Open Gmail" library="Keywords_Gmail" type="setup">
<doc>*Keyword to Open Gmail Website on desktop (does not require any parameters)*</doc>
<kw name="Open Browser" library="SeleniumLibrary">
<doc>Opens a new browser instance to the optional ``url``.</doc>
<arguments>
<arg>${url}</arg>
<arg>${browser}</arg>
</arguments>
<msg timestamp="20201221 14:42:26.443" level="INFO">Opening browser 'gc' to base url 'https://mail.google.com/'.</msg>
<status status="PASS" starttime="20201221 14:42:26.443" endtime="20201221 14:42:32.532"></status>
</kw>
<kw name="Maximize Browser Window" library="SeleniumLibrary">
<doc>Maximizes current browser window.</doc>
<status status="PASS" starttime="20201221 14:42:32.533" endtime="20201221 14:42:34.686"></status>
</kw>
<kw name="Element Should Be Visible" library="SeleniumLibrary">
<doc>Verifies that the element identified by ``locator`` is visible.</doc>
<arguments>
<arg>${initialView}</arg>
</arguments>
<msg timestamp="20201221 14:42:34.734" level="INFO">Element '//*[@id="initialView"]' is displayed.</msg>
<status status="PASS" starttime="20201221 14:42:34.686" endtime="20201221 14:42:34.735"></status>
</kw>
<kw name="Sleep" library="BuiltIn">
<doc>Pauses the test executed for the given time.</doc>
<arguments>
<arg>2s</arg>
</arguments>
<msg timestamp="20201221 14:42:36.744" level="INFO">Slept 2 seconds</msg>
<status status="PASS" starttime="20201221 14:42:34.735" endtime="20201221 14:42:36.744"></status>
</kw>
<kw name="Get Element Attribute" library="SeleniumLibrary">
<doc>Returns the value of ``attribute`` from the element ``locator``.</doc>
<arguments>
<arg>${selectedLanguage}</arg>
<arg>data-value</arg>
</arguments>
<assign>
<var>${currentLanguage}</var>
</assign>
<msg timestamp="20201221 14:42:36.760" level="INFO">${currentLanguage} = en-GB</msg>
<status status="PASS" starttime="20201221 14:42:36.744" endtime="20201221 14:42:36.760"></status>
</kw>
<kw name="Run Keyword If" library="BuiltIn">
<doc>Runs the given keyword with the given arguments, if ``condition`` is true.</doc>
<arguments>
<arg>"${currentLanguage}"=="${languageCode}"</arg>
<arg>Log</arg>
<arg>GMail Login locale same as expected; skipping language selection.</arg>
<arg>ELSE</arg>
<arg>Select Language</arg>
<arg>${languageCode}</arg>
</arguments>
<kw name="Log" library="BuiltIn">
<doc>Logs the given message with the given level.</doc>
<arguments>
<arg>GMail Login locale same as expected; skipping language selection.</arg>
</arguments>
<msg timestamp="20201221 14:42:36.761" level="INFO">GMail Login locale same as expected; skipping language selection.</msg>
<status status="PASS" starttime="20201221 14:42:36.761" endtime="20201221 14:42:36.761"></status>
</kw>
<status status="PASS" starttime="20201221 14:42:36.760" endtime="20201221 14:42:36.761"></status>
</kw>
<kw name="Sleep" library="BuiltIn">
<doc>Pauses the test executed for the given time.</doc>
<arguments>
<arg>2s</arg>
</arguments>
<msg timestamp="20201221 14:42:38.762" level="INFO">Slept 2 seconds</msg>
<status status="PASS" starttime="20201221 14:42:36.761" endtime="20201221 14:42:38.762"></status>
</kw>
<status status="PASS" starttime="20201221 14:42:26.442" endtime="20201221 14:42:38.762"></status>
</kw>
<kw name="Element Should Be Visible" library="SeleniumLibrary">
<doc>Verifies that the element identified by ``locator`` is visible.</doc>
<arguments>
<arg>${gmailLogo}</arg>
</arguments>
<msg timestamp="20201221 14:42:38.786" level="INFO">Element '//*[@id='logo']' is displayed.</msg>
<status status="PASS" starttime="20201221 14:42:38.762" endtime="20201221 14:42:38.786"></status>
</kw>
<kw name="Element Should Be Visible" library="SeleniumLibrary">
<doc>Verifies that the element identified by ``locator`` is visible.</doc>
<arguments>
<arg>${headingText}</arg>
</arguments>
<msg timestamp="20201221 14:42:38.805" level="INFO">Element '//*[@id='headingText']' is displayed.</msg>
<status status="PASS" starttime="20201221 14:42:38.787" endtime="20201221 14:42:38.805"></status>
</kw>
<kw name="Element Should Be Visible" library="SeleniumLibrary">
<doc>Verifies that the element identified by ``locator`` is visible.</doc>
<arguments>
<arg>${headingSubText}</arg>
</arguments>
<msg timestamp="20201221 14:42:38.824" level="INFO">Element '//*[@id='headingSubtext']' is displayed.</msg>
<status status="PASS" starttime="20201221 14:42:38.806" endtime="20201221 14:42:38.824"></status>
</kw>
<kw name="Element Should Be Visible" library="SeleniumLibrary">
<doc>Verifies that the element identified by ``locator`` is visible.</doc>
<arguments>
<arg>${forgotEmailLink}</arg>
</arguments>
<msg timestamp="20201221 14:42:38.845" level="INFO">Element '//button[contains(text(),"Forgot email?")]' is displayed.</msg>
<status status="PASS" starttime="20201221 14:42:38.825" endtime="20201221 14:42:38.845"></status>
</kw>
<kw name="Element Should Be Visible" library="SeleniumLibrary">
<doc>Verifies that the element identified by ``locator`` is visible.</doc>
<arguments>
<arg>${helpLink}</arg>
</arguments>
<msg timestamp="20201221 14:42:38.872" level="INFO">Element '//a[contains(text(),'Help')]' is displayed.</msg>
<status status="PASS" starttime="20201221 14:42:38.847" endtime="20201221 14:42:38.872"></status>
</kw>
<kw name="Element Should Be Visible" library="SeleniumLibrary">
<doc>Verifies that the element identified by ``locator`` is visible.</doc>
<arguments>
<arg>${privacyLink}</arg>
</arguments>
<msg timestamp="20201221 14:42:38.891" level="INFO">Element '//a[contains(text(),'Privacy')]' is displayed.</msg>
<status status="PASS" starttime="20201221 14:42:38.873" endtime="20201221 14:42:38.891"></status>
</kw>
<kw name="Close Browser" library="SeleniumLibrary" type="teardown">
<doc>Closes the current browser.</doc>
<status status="PASS" starttime="20201221 14:42:38.892" endtime="20201221 14:42:41.120"></status>
</kw>
<doc>Test Case to validate that all essential fields are available on the Gmail Landing Page</doc>
<tags>
<tag>P1</tag>
<tag>Sanity</tag>
</tags>
<status status="PASS" starttime="20201221 14:42:26.441" endtime="20201221 14:42:41.121" critical="yes"></status>
</test>
<test id="s1-t2" name="Validate that Helper Text is displayed in Email/Phone Input Text Field">
<kw name="Open Gmail" library="Keywords_Gmail" type="setup">
<doc>*Keyword to Open Gmail Website on desktop (does not require any parameters)*</doc>
<kw name="Open Browser" library="SeleniumLibrary">
<doc>Opens a new browser instance to the optional ``url``.</doc>
<arguments>
<arg>${url}</arg>
<arg>${browser}</arg>
</arguments>
<msg timestamp="20201221 14:42:41.124" level="INFO">Opening browser 'gc' to base url 'https://mail.google.com/'.</msg>
<status status="PASS" starttime="20201221 14:42:41.124" endtime="20201221 14:42:47.073"></status>
</kw>
<kw name="Maximize Browser Window" library="SeleniumLibrary">
<doc>Maximizes current browser window.</doc>
<status status="PASS" starttime="20201221 14:42:47.073" endtime="20201221 14:42:49.218"></status>
</kw>
<kw name="Element Should Be Visible" library="SeleniumLibrary">
<doc>Verifies that the element identified by ``locator`` is visible.</doc>
<arguments>
<arg>${initialView}</arg>
</arguments>
<msg timestamp="20201221 14:42:49.252" level="INFO">Element '//*[@id="initialView"]' is displayed.</msg>
<status status="PASS" starttime="20201221 14:42:49.218" endtime="20201221 14:42:49.252"></status>
</kw>
<kw name="Sleep" library="BuiltIn">
<doc>Pauses the test executed for the given time.</doc>
<arguments>
<arg>2s</arg>
</arguments>
<msg timestamp="20201221 14:42:51.262" level="INFO">Slept 2 seconds</msg>
<status status="PASS" starttime="20201221 14:42:49.252" endtime="20201221 14:42:51.262"></status>
</kw>
<kw name="Get Element Attribute" library="SeleniumLibrary">
<doc>Returns the value of ``attribute`` from the element ``locator``.</doc>
<arguments>
<arg>${selectedLanguage}</arg>
<arg>data-value</arg>
</arguments>
<assign>
<var>${currentLanguage}</var>
</assign>
<msg timestamp="20201221 14:42:51.280" level="INFO">${currentLanguage} = en-GB</msg>
<status status="PASS" starttime="20201221 14:42:51.262" endtime="20201221 14:42:51.281"></status>
</kw>
<kw name="Run Keyword If" library="BuiltIn">
<doc>Runs the given keyword with the given arguments, if ``condition`` is true.</doc>
<arguments>
<arg>"${currentLanguage}"=="${languageCode}"</arg>
<arg>Log</arg>
<arg>GMail Login locale same as expected; skipping language selection.</arg>
<arg>ELSE</arg>
<arg>Select Language</arg>
<arg>${languageCode}</arg>
</arguments>
<kw name="Log" library="BuiltIn">
<doc>Logs the given message with the given level.</doc>
<arguments>
<arg>GMail Login locale same as expected; skipping language selection.</arg>
</arguments>
<msg timestamp="20201221 14:42:51.281" level="INFO">GMail Login locale same as expected; skipping language selection.</msg>
<status status="PASS" starttime="20201221 14:42:51.281" endtime="20201221 14:42:51.281"></status>
</kw>
<status status="PASS" starttime="20201221 14:42:51.281" endtime="20201221 14:42:51.281"></status>
</kw>
<kw name="Sleep" library="BuiltIn">
<doc>Pauses the test executed for the given time.</doc>
<arguments>
<arg>2s</arg>
</arguments>
<msg timestamp="20201221 14:42:53.298" level="INFO">Slept 2 seconds</msg>
<status status="PASS" starttime="20201221 14:42:51.281" endtime="20201221 14:42:53.298"></status>
</kw>
<status status="PASS" starttime="20201221 14:42:41.124" endtime="20201221 14:42:53.298"></status>
</kw>
<kw name="Element Text Should Be" library="SeleniumLibrary">
<doc>Verifies that element ``locator`` contains exact the text ``expected``.</doc>
<arguments>
<arg>${emailInputFieldText}</arg>
<arg>${emailHelperText}</arg>
</arguments>
<msg timestamp="20201221 14:42:53.299" level="INFO">Verifying element '//*[@id='identifierId']//..//div' contains exact text 'Email or phone'.</msg>
<status status="PASS" starttime="20201221 14:42:53.299" endtime="20201221 14:42:53.320"></status>
</kw>
<kw name="Close Browser" library="SeleniumLibrary" type="teardown">
<doc>Closes the current browser.</doc>
<status status="PASS" starttime="20201221 14:42:53.321" endtime="20201221 14:42:55.516"></status>
</kw>
<doc>Test Case to validate that helper/prompt text is available in the Email/Phone field</doc>
<tags>
<tag>P2</tag>
<tag>Sanity</tag>
<tag>WIP</tag>
</tags>
<status status="PASS" starttime="20201221 14:42:41.122" endtime="20201221 14:42:55.517" critical="yes"></status>
</test>
<test id="s1-t3" name="Validate that User is Taken to Support Page on clicking on Learn More Link">
<kw name="Open Gmail" library="Keywords_Gmail" type="setup">
<doc>*Keyword to Open Gmail Website on desktop (does not require any parameters)*</doc>
<kw name="Open Browser" library="SeleniumLibrary">
<doc>Opens a new browser instance to the optional ``url``.</doc>
<arguments>
<arg>${url}</arg>
<arg>${browser}</arg>
</arguments>
<msg timestamp="20201221 14:42:55.519" level="INFO">Opening browser 'gc' to base url 'https://mail.google.com/'.</msg>
<status status="PASS" starttime="20201221 14:42:55.519" endtime="20201221 14:43:01.155"></status>
</kw>
<kw name="Maximize Browser Window" library="SeleniumLibrary">
<doc>Maximizes current browser window.</doc>
<status status="PASS" starttime="20201221 14:43:01.156" endtime="20201221 14:43:03.310"></status>
</kw>
<kw name="Element Should Be Visible" library="SeleniumLibrary">
<doc>Verifies that the element identified by ``locator`` is visible.</doc>
<arguments>
<arg>${initialView}</arg>
</arguments>
<msg timestamp="20201221 14:43:03.361" level="INFO">Element '//*[@id="initialView"]' is displayed.</msg>
<status status="PASS" starttime="20201221 14:43:03.311" endtime="20201221 14:43:03.361"></status>
</kw>
<kw name="Sleep" library="BuiltIn">
<doc>Pauses the test executed for the given time.</doc>
<arguments>
<arg>2s</arg>
</arguments>
<msg timestamp="20201221 14:43:05.373" level="INFO">Slept 2 seconds</msg>
<status status="PASS" starttime="20201221 14:43:03.361" endtime="20201221 14:43:05.373"></status>
</kw>
<kw name="Get Element Attribute" library="SeleniumLibrary">
<doc>Returns the value of ``attribute`` from the element ``locator``.</doc>
<arguments>
<arg>${selectedLanguage}</arg>
<arg>data-value</arg>
</arguments>
<assign>
<var>${currentLanguage}</var>
</assign>
<msg timestamp="20201221 14:43:05.389" level="INFO">${currentLanguage} = en-GB</msg>
<status status="PASS" starttime="20201221 14:43:05.373" endtime="20201221 14:43:05.389"></status>
</kw>
<kw name="Run Keyword If" library="BuiltIn">
<doc>Runs the given keyword with the given arguments, if ``condition`` is true.</doc>
<arguments>
<arg>"${currentLanguage}"=="${languageCode}"</arg>
<arg>Log</arg>
<arg>GMail Login locale same as expected; skipping language selection.</arg>
<arg>ELSE</arg>
<arg>Select Language</arg>
<arg>${languageCode}</arg>
</arguments>
<kw name="Log" library="BuiltIn">
<doc>Logs the given message with the given level.</doc>
<arguments>
<arg>GMail Login locale same as expected; skipping language selection.</arg>
</arguments>
<msg timestamp="20201221 14:43:05.390" level="INFO">GMail Login locale same as expected; skipping language selection.</msg>
<status status="PASS" starttime="20201221 14:43:05.390" endtime="20201221 14:43:05.390"></status>
</kw>
<status status="PASS" starttime="20201221 14:43:05.389" endtime="20201221 14:43:05.390"></status>
</kw>
<kw name="Sleep" library="BuiltIn">
<doc>Pauses the test executed for the given time.</doc>
<arguments>
<arg>2s</arg>
</arguments>
<msg timestamp="20201221 14:43:07.403" level="INFO">Slept 2 seconds</msg>
<status status="PASS" starttime="20201221 14:43:05.390" endtime="20201221 14:43:07.403"></status>
</kw>
<status status="PASS" starttime="20201221 14:42:55.519" endtime="20201221 14:43:07.403"></status>
</kw>
<kw name="Click Element" library="SeleniumLibrary">
<doc>Click the element identified by ``locator``.</doc>
<arguments>
<arg>${learnMoreLink}</arg>
</arguments>
<msg timestamp="20201221 14:43:07.404" level="INFO">Clicking element '//a[contains(text(),'Learn more')]'.</msg>
<status status="PASS" starttime="20201221 14:43:07.404" endtime="20201221 14:43:09.730"></status>
</kw>
<kw name="Sleep" library="BuiltIn">
<doc>Pauses the test executed for the given time.</doc>
<arguments>
<arg>5s</arg>
</arguments>
<msg timestamp="20201221 14:43:14.739" level="INFO">Slept 5 seconds</msg>
<status status="PASS" starttime="20201221 14:43:09.731" endtime="20201221 14:43:14.739"></status>
</kw>
<kw name="Location Should Be" library="SeleniumLibrary">
<doc>Verifies that the current URL is exactly ``url``.</doc>
<arguments>
<arg>${moreInfoPage}${languageCode}</arg>
</arguments>
<msg timestamp="20201221 14:43:14.744" level="INFO">Current location is 'https://support.google.com/chrome/answer/6130773?hl=en-GB'.</msg>
<status status="PASS" starttime="20201221 14:43:14.739" endtime="20201221 14:43:14.744"></status>
</kw>
<kw name="Page Should Contain" library="SeleniumLibrary">
<doc>Verifies that current page contains ``text``.</doc>
<arguments>
<arg>${supportArticleHeader}</arg>
</arguments>
<msg timestamp="20201221 14:43:14.762" level="INFO">Current page contains text 'Browse Chrome as a guest'.</msg>
<status status="PASS" starttime="20201221 14:43:14.745" endtime="20201221 14:43:14.762"></status>
</kw>
<kw name="Close Browser" library="SeleniumLibrary" type="teardown">
<doc>Closes the current browser.</doc>
<status status="PASS" starttime="20201221 14:43:14.763" endtime="20201221 14:43:16.960"></status>
</kw>
<doc>Test Case to validate that all essential fields are available on the Gmail Landing Page</doc>
<tags>
<tag>P3</tag>
<tag>Sanity</tag>
</tags>
<status status="PASS" starttime="20201221 14:42:55.518" endtime="20201221 14:43:16.961" critical="yes"></status>
</test>
<test id="s1-t4" name="Validate that User is Taken to Gmail Help Page on clicking on Help Link">
<kw name="Open Gmail" library="Keywords_Gmail" type="setup">
<doc>*Keyword to Open Gmail Website on desktop (does not require any parameters)*</doc>
<kw name="Open Browser" library="SeleniumLibrary">
<doc>Opens a new browser instance to the optional ``url``.</doc>
<arguments>
<arg>${url}</arg>
<arg>${browser}</arg>
</arguments>
<msg timestamp="20201221 14:43:16.963" level="INFO">Opening browser 'gc' to base url 'https://mail.google.com/'.</msg>
<status status="PASS" starttime="20201221 14:43:16.963" endtime="20201221 14:43:22.387"></status>
</kw>
<kw name="Maximize Browser Window" library="SeleniumLibrary">
<doc>Maximizes current browser window.</doc>
<status status="PASS" starttime="20201221 14:43:22.387" endtime="20201221 14:43:24.540"></status>
</kw>
<kw name="Element Should Be Visible" library="SeleniumLibrary">
<doc>Verifies that the element identified by ``locator`` is visible.</doc>
<arguments>
<arg>${initialView}</arg>
</arguments>
<msg timestamp="20201221 14:43:24.582" level="INFO">Element '//*[@id="initialView"]' is displayed.</msg>
<status status="PASS" starttime="20201221 14:43:24.540" endtime="20201221 14:43:24.582"></status>
</kw>
<kw name="Sleep" library="BuiltIn">
<doc>Pauses the test executed for the given time.</doc>
<arguments>
<arg>2s</arg>
</arguments>
<msg timestamp="20201221 14:43:26.586" level="INFO">Slept 2 seconds</msg>
<status status="PASS" starttime="20201221 14:43:24.582" endtime="20201221 14:43:26.586"></status>
</kw>
<kw name="Get Element Attribute" library="SeleniumLibrary">
<doc>Returns the value of ``attribute`` from the element ``locator``.</doc>
<arguments>
<arg>${selectedLanguage}</arg>
<arg>data-value</arg>
</arguments>
<assign>
<var>${currentLanguage}</var>
</assign>
<msg timestamp="20201221 14:43:26.602" level="INFO">${currentLanguage} = en-GB</msg>
<status status="PASS" starttime="20201221 14:43:26.586" endtime="20201221 14:43:26.602"></status>
</kw>
<kw name="Run Keyword If" library="BuiltIn">
<doc>Runs the given keyword with the given arguments, if ``condition`` is true.</doc>
<arguments>
<arg>"${currentLanguage}"=="${languageCode}"</arg>
<arg>Log</arg>
<arg>GMail Login locale same as expected; skipping language selection.</arg>
<arg>ELSE</arg>
<arg>Select Language</arg>
<arg>${languageCode}</arg>
</arguments>
<kw name="Log" library="BuiltIn">
<doc>Logs the given message with the given level.</doc>
<arguments>
<arg>GMail Login locale same as expected; skipping language selection.</arg>
</arguments>
<msg timestamp="20201221 14:43:26.603" level="INFO">GMail Login locale same as expected; skipping language selection.</msg>
<status status="PASS" starttime="20201221 14:43:26.603" endtime="20201221 14:43:26.603"></status>
</kw>
<status status="PASS" starttime="20201221 14:43:26.602" endtime="20201221 14:43:26.603"></status>
</kw>
<kw name="Sleep" library="BuiltIn">
<doc>Pauses the test executed for the given time.</doc>
<arguments>
<arg>2s</arg>
</arguments>
<msg timestamp="20201221 14:43:28.618" level="INFO">Slept 2 seconds</msg>
<status status="PASS" starttime="20201221 14:43:26.603" endtime="20201221 14:43:28.618"></status>
</kw>
<status status="PASS" starttime="20201221 14:43:16.963" endtime="20201221 14:43:28.618"></status>
</kw>
<kw name="Click Element" library="SeleniumLibrary">
<doc>Click the element identified by ``locator``.</doc>
<arguments>
<arg>${helpLink}</arg>
</arguments>
<msg timestamp="20201221 14:43:28.619" level="INFO">Clicking element '//a[contains(text(),'Help')]'.</msg>
<status status="PASS" starttime="20201221 14:43:28.618" endtime="20201221 14:43:28.709"></status>
</kw>
<kw name="Sleep" library="BuiltIn">
<doc>Pauses the test executed for the given time.</doc>
<arguments>
<arg>5s</arg>
</arguments>
<msg timestamp="20201221 14:43:33.729" level="INFO">Slept 5 seconds</msg>
<status status="PASS" starttime="20201221 14:43:28.719" endtime="20201221 14:43:33.729"></status>
</kw>
<kw name="Replace String" library="String">
<doc>Replaces ``search_for`` in the given ``string`` with ``replace_with``.</doc>
<arguments>
<arg>${gmailHelpPage}</arg>
<arg>LANGUAGE</arg>
<arg>${languageCode}</arg>
</arguments>
<assign>
<var>${tmpURL}</var>
</assign>
<msg timestamp="20201221 14:43:33.730" level="INFO">${tmpURL} = https://support.google.com/accounts?hl=en-GB#topic=3382296</msg>
<status status="PASS" starttime="20201221 14:43:33.729" endtime="20201221 14:43:33.730"></status>
</kw>
<kw name="Switch Window" library="SeleniumLibrary">
<doc>Switches to browser window matching ``locator``.</doc>
<arguments>
<arg>New</arg>
</arguments>
<status status="PASS" starttime="20201221 14:43:33.730" endtime="20201221 14:43:33.738"></status>
</kw>
<kw name="Location Should Be" library="SeleniumLibrary">
<doc>Verifies that the current URL is exactly ``url``.</doc>
<arguments>
<arg>${tmpURL}</arg>
</arguments>
<msg timestamp="20201221 14:43:35.775" level="INFO">Current location is 'https://support.google.com/accounts?hl=en-GB#topic=3382296'.</msg>
<status status="PASS" starttime="20201221 14:43:33.738" endtime="20201221 14:43:35.775"></status>
</kw>
<kw name="Page Should Contain" library="SeleniumLibrary">
<doc>Verifies that current page contains ``text``.</doc>
<arguments>
<arg>${gmailHelpPageTitle}</arg>
</arguments>
<msg timestamp="20201221 14:43:35.795" level="INFO">Current page contains text 'How can we help you?'.</msg>
<status status="PASS" starttime="20201221 14:43:35.775" endtime="20201221 14:43:35.796"></status>
</kw>
<kw name="Close Browser" library="SeleniumLibrary" type="teardown">
<doc>Closes the current browser.</doc>
<status status="PASS" starttime="20201221 14:43:35.796" endtime="20201221 14:43:38.026"></status>
</kw>
<doc>Test Case to validate that user is taken to GMail Help page on Clicking the Help Link</doc>
<tags>
<tag>P3</tag>
<tag>Sanity</tag>
</tags>
<status status="PASS" starttime="20201221 14:43:16.962" endtime="20201221 14:43:38.026" critical="yes"></status>
</test>
<test id="s1-t5" name="Validate that User is Taken to Gmail Privacy Page on clicking on Privacy Link">
<kw name="Open Gmail" library="Keywords_Gmail" type="setup">
<doc>*Keyword to Open Gmail Website on desktop (does not require any parameters)*</doc>
<kw name="Open Browser" library="SeleniumLibrary">
<doc>Opens a new browser instance to the optional ``url``.</doc>
<arguments>
<arg>${url}</arg>
<arg>${browser}</arg>
</arguments>
<msg timestamp="20201221 14:43:38.029" level="INFO">Opening browser 'gc' to base url 'https://mail.google.com/'.</msg>
<status status="PASS" starttime="20201221 14:43:38.029" endtime="20201221 14:43:43.664"></status>
</kw>
<kw name="Maximize Browser Window" library="SeleniumLibrary">
<doc>Maximizes current browser window.</doc>
<status status="PASS" starttime="20201221 14:43:43.664" endtime="20201221 14:43:45.812"></status>
</kw>
<kw name="Element Should Be Visible" library="SeleniumLibrary">
<doc>Verifies that the element identified by ``locator`` is visible.</doc>
<arguments>
<arg>${initialView}</arg>
</arguments>
<msg timestamp="20201221 14:43:45.854" level="INFO">Element '//*[@id="initialView"]' is displayed.</msg>
<status status="PASS" starttime="20201221 14:43:45.812" endtime="20201221 14:43:45.855"></status>
</kw>
<kw name="Sleep" library="BuiltIn">
<doc>Pauses the test executed for the given time.</doc>
<arguments>
<arg>2s</arg>
</arguments>
<msg timestamp="20201221 14:43:47.868" level="INFO">Slept 2 seconds</msg>
<status status="PASS" starttime="20201221 14:43:45.855" endtime="20201221 14:43:47.868"></status>
</kw>
<kw name="Get Element Attribute" library="SeleniumLibrary">
<doc>Returns the value of ``attribute`` from the element ``locator``.</doc>
<arguments>
<arg>${selectedLanguage}</arg>
<arg>data-value</arg>
</arguments>
<assign>
<var>${currentLanguage}</var>
</assign>
<msg timestamp="20201221 14:43:47.884" level="INFO">${currentLanguage} = en-GB</msg>
<status status="PASS" starttime="20201221 14:43:47.868" endtime="20201221 14:43:47.884"></status>
</kw>
<kw name="Run Keyword If" library="BuiltIn">
<doc>Runs the given keyword with the given arguments, if ``condition`` is true.</doc>
<arguments>
<arg>"${currentLanguage}"=="${languageCode}"</arg>
<arg>Log</arg>
<arg>GMail Login locale same as expected; skipping language selection.</arg>
<arg>ELSE</arg>
<arg>Select Language</arg>
<arg>${languageCode}</arg>
</arguments>
<kw name="Log" library="BuiltIn">
<doc>Logs the given message with the given level.</doc>
<arguments>
<arg>GMail Login locale same as expected; skipping language selection.</arg>
</arguments>
<msg timestamp="20201221 14:43:47.885" level="INFO">GMail Login locale same as expected; skipping language selection.</msg>
<status status="PASS" starttime="20201221 14:43:47.885" endtime="20201221 14:43:47.885"></status>
</kw>
<status status="PASS" starttime="20201221 14:43:47.884" endtime="20201221 14:43:47.885"></status>
</kw>
<kw name="Sleep" library="BuiltIn">
<doc>Pauses the test executed for the given time.</doc>
<arguments>
<arg>2s</arg>
</arguments>
<msg timestamp="20201221 14:43:49.888" level="INFO">Slept 2 seconds</msg>
<status status="PASS" starttime="20201221 14:43:47.885" endtime="20201221 14:43:49.888"></status>
</kw>
<status status="PASS" starttime="20201221 14:43:38.029" endtime="20201221 14:43:49.888"></status>
</kw>
<kw name="Click Element" library="SeleniumLibrary">
<doc>Click the element identified by ``locator``.</doc>
<arguments>
<arg>${privacyLink}</arg>
</arguments>
<msg timestamp="20201221 14:43:49.888" level="INFO">Clicking element '//a[contains(text(),'Privacy')]'.</msg>
<status status="PASS" starttime="20201221 14:43:49.888" endtime="20201221 14:43:49.963"></status>
</kw>
<kw name="Sleep" library="BuiltIn">
<doc>Pauses the test executed for the given time.</doc>
<arguments>
<arg>5s</arg>
</arguments>
<msg timestamp="20201221 14:43:54.975" level="INFO">Slept 5 seconds</msg>
<status status="PASS" starttime="20201221 14:43:49.965" endtime="20201221 14:43:54.975"></status>
</kw>
<kw name="Replace String" library="String">
<doc>Replaces ``search_for`` in the given ``string`` with ``replace_with``.</doc>
<arguments>
<arg>${gmailPrivacyPage}</arg>
<arg>LANGUAGE</arg>
<arg>${languageCode}</arg>
</arguments>
<assign>
<var>${tmpURL}</var>
</assign>
<msg timestamp="20201221 14:43:54.976" level="INFO">${tmpURL} = https://policies.google.com/privacy?gl=IN&amp;hl=en-GB</msg>
<status status="PASS" starttime="20201221 14:43:54.975" endtime="20201221 14:43:54.976"></status>
</kw>
<kw name="Switch Window" library="SeleniumLibrary">
<doc>Switches to browser window matching ``locator``.</doc>
<arguments>
<arg>New</arg>
</arguments>
<status status="PASS" starttime="20201221 14:43:54.977" endtime="20201221 14:43:54.985"></status>
</kw>
<kw name="Location Should Be" library="SeleniumLibrary">
<doc>Verifies that the current URL is exactly ``url``.</doc>
<arguments>
<arg>${tmpURL}</arg>
</arguments>
<msg timestamp="20201221 14:43:57.013" level="INFO">Current location is 'https://policies.google.com/privacy?gl=IN&amp;hl=en-GB'.</msg>
<status status="PASS" starttime="20201221 14:43:54.986" endtime="20201221 14:43:57.013"></status>
</kw>
<kw name="Get Title" library="SeleniumLibrary">
<doc>Returns the title of the current page.</doc>
<assign>
<var>${newWindowTitle}</var>
</assign>
<msg timestamp="20201221 14:43:57.018" level="INFO">${newWindowTitle} = Privacy Policy – Privacy &amp; Terms – Google</msg>
<status status="PASS" starttime="20201221 14:43:57.014" endtime="20201221 14:43:57.018"></status>
</kw>
<kw name="Should Contain" library="BuiltIn">
<doc>Fails if ``container`` does not contain ``item`` one or more times.</doc>
<arguments>
<arg>${newWindowTitle}</arg>
<arg>${gmailPrivacyPageTitle}</arg>
</arguments>
<status status="PASS" starttime="20201221 14:43:57.018" endtime="20201221 14:43:57.019"></status>
</kw>
<kw name="Close Browser" library="SeleniumLibrary" type="teardown">
<doc>Closes the current browser.</doc>
<status status="PASS" starttime="20201221 14:43:57.019" endtime="20201221 14:43:59.285"></status>
</kw>
<doc>Test Case to validate that user is taken to GMail Privacy page on Clicking the Privacy Link</doc>
<tags>
<tag>P3</tag>
<tag>Sanity</tag>
</tags>
<status status="PASS" starttime="20201221 14:43:38.028" endtime="20201221 14:43:59.286" critical="yes"></status>
</test>
<test id="s1-t6" name="Validate that User is Taken to Gmail Terms Page on clicking on Terms Link">
<kw name="Open Gmail" library="Keywords_Gmail" type="setup">
<doc>*Keyword to Open Gmail Website on desktop (does not require any parameters)*</doc>
<kw name="Open Browser" library="SeleniumLibrary">
<doc>Opens a new browser instance to the optional ``url``.</doc>
<arguments>
<arg>${url}</arg>
<arg>${browser}</arg>
</arguments>
<msg timestamp="20201221 14:43:59.289" level="INFO">Opening browser 'gc' to base url 'https://mail.google.com/'.</msg>
<status status="PASS" starttime="20201221 14:43:59.288" endtime="20201221 14:44:04.878"></status>
</kw>
<kw name="Maximize Browser Window" library="SeleniumLibrary">
<doc>Maximizes current browser window.</doc>
<status status="PASS" starttime="20201221 14:44:04.878" endtime="20201221 14:44:07.049"></status>
</kw>
<kw name="Element Should Be Visible" library="SeleniumLibrary">
<doc>Verifies that the element identified by ``locator`` is visible.</doc>
<arguments>
<arg>${initialView}</arg>
</arguments>
<msg timestamp="20201221 14:44:07.079" level="INFO">Element '//*[@id="initialView"]' is displayed.</msg>
<status status="PASS" starttime="20201221 14:44:07.050" endtime="20201221 14:44:07.079"></status>
</kw>
<kw name="Sleep" library="BuiltIn">
<doc>Pauses the test executed for the given time.</doc>
<arguments>
<arg>2s</arg>
</arguments>
<msg timestamp="20201221 14:44:09.091" level="INFO">Slept 2 seconds</msg>
<status status="PASS" starttime="20201221 14:44:07.080" endtime="20201221 14:44:09.091"></status>
</kw>
<kw name="Get Element Attribute" library="SeleniumLibrary">
<doc>Returns the value of ``attribute`` from the element ``locator``.</doc>
<arguments>
<arg>${selectedLanguage}</arg>
<arg>data-value</arg>
</arguments>
<assign>
<var>${currentLanguage}</var>
</assign>
<msg timestamp="20201221 14:44:09.107" level="INFO">${currentLanguage} = en-GB</msg>
<status status="PASS" starttime="20201221 14:44:09.091" endtime="20201221 14:44:09.107"></status>
</kw>
<kw name="Run Keyword If" library="BuiltIn">
<doc>Runs the given keyword with the given arguments, if ``condition`` is true.</doc>
<arguments>
<arg>"${currentLanguage}"=="${languageCode}"</arg>
<arg>Log</arg>
<arg>GMail Login locale same as expected; skipping language selection.</arg>
<arg>ELSE</arg>
<arg>Select Language</arg>
<arg>${languageCode}</arg>
</arguments>
<kw name="Log" library="BuiltIn">
<doc>Logs the given message with the given level.</doc>
<arguments>
<arg>GMail Login locale same as expected; skipping language selection.</arg>
</arguments>
<msg timestamp="20201221 14:44:09.108" level="INFO">GMail Login locale same as expected; skipping language selection.</msg>
<status status="PASS" starttime="20201221 14:44:09.108" endtime="20201221 14:44:09.108"></status>
</kw>
<status status="PASS" starttime="20201221 14:44:09.107" endtime="20201221 14:44:09.108"></status>
</kw>
<kw name="Sleep" library="BuiltIn">
<doc>Pauses the test executed for the given time.</doc>
<arguments>
<arg>2s</arg>
</arguments>
<msg timestamp="20201221 14:44:11.116" level="INFO">Slept 2 seconds</msg>
<status status="PASS" starttime="20201221 14:44:09.108" endtime="20201221 14:44:11.116"></status>
</kw>
<status status="PASS" starttime="20201221 14:43:59.288" endtime="20201221 14:44:11.116"></status>
</kw>
<kw name="Click Element" library="SeleniumLibrary">
<doc>Click the element identified by ``locator``.</doc>
<arguments>
<arg>${termsLink}</arg>
</arguments>
<msg timestamp="20201221 14:44:11.117" level="INFO">Clicking element '//a[contains(text(),'Terms')]'.</msg>
<status status="PASS" starttime="20201221 14:44:11.117" endtime="20201221 14:44:11.190"></status>
</kw>
<kw name="Sleep" library="BuiltIn">
<doc>Pauses the test executed for the given time.</doc>
<arguments>
<arg>5s</arg>
</arguments>
<msg timestamp="20201221 14:44:16.199" level="INFO">Slept 5 seconds</msg>
<status status="PASS" starttime="20201221 14:44:11.192" endtime="20201221 14:44:16.199"></status>
</kw>
<kw name="Replace String" library="String">
<doc>Replaces ``search_for`` in the given ``string`` with ``replace_with``.</doc>
<arguments>
<arg>${gmailTermsPage}</arg>
<arg>LANGUAGE</arg>
<arg>${languageCode}</arg>
</arguments>
<assign>
<var>${tmpURL}</var>
</assign>
<msg timestamp="20201221 14:44:16.200" level="INFO">${tmpURL} = https://policies.google.com/terms?gl=IN&amp;hl=en-GB</msg>
<status status="PASS" starttime="20201221 14:44:16.200" endtime="20201221 14:44:16.200"></status>
</kw>
<kw name="Switch Window" library="SeleniumLibrary">
<doc>Switches to browser window matching ``locator``.</doc>
<arguments>
<arg>New</arg>
</arguments>
<status status="PASS" starttime="20201221 14:44:16.201" endtime="20201221 14:44:16.208"></status>
</kw>
<kw name="Location Should Be" library="SeleniumLibrary">
<doc>Verifies that the current URL is exactly ``url``.</doc>
<arguments>
<arg>${tmpURL}</arg>
</arguments>
<msg timestamp="20201221 14:44:18.269" level="INFO">Current location is 'https://policies.google.com/terms?gl=IN&amp;hl=en-GB'.</msg>
<status status="PASS" starttime="20201221 14:44:16.208" endtime="20201221 14:44:18.269"></status>
</kw>
<kw name="Get Title" library="SeleniumLibrary">
<doc>Returns the title of the current page.</doc>
<assign>
<var>${newWindowTitle}</var>
</assign>
<msg timestamp="20201221 14:44:18.273" level="INFO">${newWindowTitle} = Google Terms of Service – Privacy &amp; Terms – Google</msg>
<status status="PASS" starttime="20201221 14:44:18.270" endtime="20201221 14:44:18.273"></status>
</kw>
<kw name="Should Contain" library="BuiltIn">
<doc>Fails if ``container`` does not contain ``item`` one or more times.</doc>
<arguments>
<arg>${newWindowTitle}</arg>
<arg>${gmailTermsPageTitle}</arg>
</arguments>
<status status="PASS" starttime="20201221 14:44:18.274" endtime="20201221 14:44:18.274"></status>
</kw>
<kw name="Close Browser" library="SeleniumLibrary" type="teardown">
<doc>Closes the current browser.</doc>
<status status="PASS" starttime="20201221 14:44:18.274" endtime="20201221 14:44:20.493"></status>
</kw>
<doc>Test Case to validate that user is taken to GMail Terms of Service page on Clicking the Terms Link</doc>
<tags>
<tag>P3</tag>
<tag>Sanity</tag>
</tags>
<status status="PASS" starttime="20201221 14:43:59.287" endtime="20201221 14:44:20.494" critical="yes"></status>
</test>
<test id="s1-t7" name="Validate that user is Able to Change the Language on Gmail Login Screen">
<kw name="Open Gmail" library="Keywords_Gmail" type="setup">
<doc>*Keyword to Open Gmail Website on desktop (does not require any parameters)*</doc>
<kw name="Open Browser" library="SeleniumLibrary">
<doc>Opens a new browser instance to the optional ``url``.</doc>
<arguments>
<arg>${url}</arg>
<arg>${browser}</arg>
</arguments>
<msg timestamp="20201221 14:44:20.496" level="INFO">Opening browser 'gc' to base url 'https://mail.google.com/'.</msg>
<status status="PASS" starttime="20201221 14:44:20.496" endtime="20201221 14:44:25.826"></status>
</kw>
<kw name="Maximize Browser Window" library="SeleniumLibrary">
<doc>Maximizes current browser window.</doc>
<status status="PASS" starttime="20201221 14:44:25.826" endtime="20201221 14:44:27.980"></status>
</kw>
<kw name="Element Should Be Visible" library="SeleniumLibrary">
<doc>Verifies that the element identified by ``locator`` is visible.</doc>
<arguments>
<arg>${initialView}</arg>
</arguments>
<msg timestamp="20201221 14:44:28.016" level="INFO">Element '//*[@id="initialView"]' is displayed.</msg>
<status status="PASS" starttime="20201221 14:44:27.980" endtime="20201221 14:44:28.017"></status>
</kw>
<kw name="Sleep" library="BuiltIn">
<doc>Pauses the test executed for the given time.</doc>
<arguments>
<arg>2s</arg>
</arguments>
<msg timestamp="20201221 14:44:30.029" level="INFO">Slept 2 seconds</msg>
<status status="PASS" starttime="20201221 14:44:28.017" endtime="20201221 14:44:30.029"></status>
</kw>
<kw name="Get Element Attribute" library="SeleniumLibrary">
<doc>Returns the value of ``attribute`` from the element ``locator``.</doc>
<arguments>
<arg>${selectedLanguage}</arg>
<arg>data-value</arg>
</arguments>
<assign>
<var>${currentLanguage}</var>
</assign>
<msg timestamp="20201221 14:44:30.046" level="INFO">${currentLanguage} = en-GB</msg>
<status status="PASS" starttime="20201221 14:44:30.029" endtime="20201221 14:44:30.046"></status>
</kw>
<kw name="Run Keyword If" library="BuiltIn">
<doc>Runs the given keyword with the given arguments, if ``condition`` is true.</doc>
<arguments>
<arg>"${currentLanguage}"=="${languageCode}"</arg>
<arg>Log</arg>
<arg>GMail Login locale same as expected; skipping language selection.</arg>
<arg>ELSE</arg>
<arg>Select Language</arg>
<arg>${languageCode}</arg>
</arguments>
<kw name="Log" library="BuiltIn">
<doc>Logs the given message with the given level.</doc>
<arguments>
<arg>GMail Login locale same as expected; skipping language selection.</arg>
</arguments>
<msg timestamp="20201221 14:44:30.047" level="INFO">GMail Login locale same as expected; skipping language selection.</msg>
<status status="PASS" starttime="20201221 14:44:30.047" endtime="20201221 14:44:30.047"></status>
</kw>
<status status="PASS" starttime="20201221 14:44:30.046" endtime="20201221 14:44:30.047"></status>
</kw>
<kw name="Sleep" library="BuiltIn">
<doc>Pauses the test executed for the given time.</doc>
<arguments>
<arg>2s</arg>
</arguments>
<msg timestamp="20201221 14:44:32.055" level="INFO">Slept 2 seconds</msg>
<status status="PASS" starttime="20201221 14:44:30.047" endtime="20201221 14:44:32.055"></status>
</kw>
<status status="PASS" starttime="20201221 14:44:20.496" endtime="20201221 14:44:32.055"></status>
</kw>
<kw name="Set Variable" library="BuiltIn">
<doc>Returns the given values which can then be assigned to a variables.</doc>
<arguments>
<arg>hi</arg>
</arguments>
<assign>
<var>${languageCode}</var>
</assign>
<msg timestamp="20201221 14:44:32.056" level="INFO">${languageCode} = hi</msg>
<status status="PASS" starttime="20201221 14:44:32.056" endtime="20201221 14:44:32.056"></status>
</kw>
<kw name="Run Keyword If" library="BuiltIn">
<doc>Runs the given keyword with the given arguments, if ``condition`` is true.</doc>
<arguments>
<arg>${languageSwitchStatus}==${1}</arg>
<arg>Switch Language</arg>
<arg>${languageCode}</arg>
<arg>ELSE</arg>
<arg>Select Language</arg>
<arg>${languageCode}</arg>
</arguments>
<kw name="Select Language" library="Keywords_Gmail">
<doc>*Keyword to Select user preferred language on Gmail Website. Needs language code as input.*</doc>
<arguments>
<arg>${languageCode}</arg>
</arguments>
<kw name="Replace String" library="String">
<doc>Replaces ``search_for`` in the given ``string`` with ``replace_with``.</doc>
<arguments>
<arg>${languageOption}</arg>
<arg>LANGUAGE</arg>
<arg>${newLanguageCode}</arg>
</arguments>
<assign>
<var>${tmpXpath}</var>
</assign>
<msg timestamp="20201221 14:44:32.058" level="INFO">${tmpXpath} = //*[@id="lang-chooser"]/div[not(@aria-hidden)]/div[@data-value="hi"]</msg>
<status status="PASS" starttime="20201221 14:44:32.057" endtime="20201221 14:44:32.058"></status>
</kw>
<kw name="Click Element" library="SeleniumLibrary">
<doc>Click the element identified by ``locator``.</doc>
<arguments>
<arg>${languageSelection}</arg>
</arguments>
<msg timestamp="20201221 14:44:32.058" level="INFO">Clicking element '//*[@id='lang-chooser']'.</msg>
<status status="PASS" starttime="20201221 14:44:32.058" endtime="20201221 14:44:32.117"></status>
</kw>
<kw name="Sleep" library="BuiltIn">
<doc>Pauses the test executed for the given time.</doc>
<arguments>
<arg>5s</arg>
</arguments>
<msg timestamp="20201221 14:44:37.124" level="INFO">Slept 5 seconds</msg>
<status status="PASS" starttime="20201221 14:44:32.117" endtime="20201221 14:44:37.124"></status>
</kw>
<kw name="Click Element" library="SeleniumLibrary">
<doc>Click the element identified by ``locator``.</doc>
<arguments>
<arg>${tmpXpath}</arg>
</arguments>
<msg timestamp="20201221 14:44:37.125" level="INFO">Clicking element '//*[@id="lang-chooser"]/div[not(@aria-hidden)]/div[@data-value="hi"]'.</msg>
<status status="PASS" starttime="20201221 14:44:37.124" endtime="20201221 14:44:37.209"></status>
</kw>
<kw name="Sleep" library="BuiltIn">
<doc>Pauses the test executed for the given time.</doc>
<arguments>
<arg>5s</arg>
</arguments>
<msg timestamp="20201221 14:44:42.216" level="INFO">Slept 5 seconds</msg>
<status status="PASS" starttime="20201221 14:44:37.209" endtime="20201221 14:44:42.216"></status>
</kw>
<kw name="Get Location" library="SeleniumLibrary">
<doc>Returns the current browser window URL.</doc>
<assign>
<var>${currentURL}</var>
</assign>
<msg timestamp="20201221 14:44:42.222" level="INFO">${currentURL} = https://www.google.com/intl/hi/gmail/about/</msg>
<status status="PASS" starttime="20201221 14:44:42.216" endtime="20201221 14:44:42.222"></status>
</kw>
<kw name="Replace String" library="String">
<doc>Replaces ``search_for`` in the given ``string`` with ``replace_with``.</doc>
<arguments>
<arg>${gmailAboutLink}</arg>
<arg>LANGUAGE</arg>
<arg>${newLanguageCode}</arg>
</arguments>
<assign>
<var>${tmpGmailAboutURL}</var>
</assign>
<msg timestamp="20201221 14:44:42.223" level="INFO">${tmpGmailAboutURL} = https://www.google.com/intl/hi/gmail/about/</msg>
<status status="PASS" starttime="20201221 14:44:42.223" endtime="20201221 14:44:42.223"></status>
</kw>
<kw name="Run Keyword And Return Status" library="BuiltIn">
<doc>Runs the given keyword with given arguments and returns the status as a Boolean value.</doc>
<arguments>
<arg>Should be Equal</arg>
<arg>${currentURL}</arg>
<arg>${tmpGmailAboutURL}</arg>
</arguments>
<assign>
<var>${isOnGmailAboutPage}</var>
</assign>
<kw name="Should Be Equal" library="BuiltIn">
<doc>Fails if the given objects are unequal.</doc>
<arguments>
<arg>${currentURL}</arg>
<arg>${tmpGmailAboutURL}</arg>
</arguments>
<status status="PASS" starttime="20201221 14:44:42.223" endtime="20201221 14:44:42.224"></status>
</kw>
<msg timestamp="20201221 14:44:42.224" level="INFO">${isOnGmailAboutPage} = True</msg>
<status status="PASS" starttime="20201221 14:44:42.223" endtime="20201221 14:44:42.224"></status>
</kw>
<kw name="Run Keyword If" library="BuiltIn">
<doc>Runs the given keyword with the given arguments, if ``condition`` is true.</doc>
<arguments>
<arg>"${isOnGmailAboutPage}"=="True"</arg>
<arg>Click Element</arg>
<arg>(//*[@class="h-c-header__nav-li g-mail-nav-links"]//a)[2]</arg>
</arguments>
<kw name="Click Element" library="SeleniumLibrary">
<doc>Click the element identified by ``locator``.</doc>
<arguments>
<arg>(//*[@class="h-c-header__nav-li g-mail-nav-links"]//a)[2]</arg>
</arguments>
<msg timestamp="20201221 14:44:42.224" level="INFO">Clicking element '(//*[@class="h-c-header__nav-li g-mail-nav-links"]//a)[2]'.</msg>
<status status="PASS" starttime="20201221 14:44:42.224" endtime="20201221 14:44:42.320"></status>
</kw>
<status status="PASS" starttime="20201221 14:44:42.224" endtime="20201221 14:44:42.320"></status>
</kw>
<kw name="Sleep" library="BuiltIn">
<doc>Pauses the test executed for the given time.</doc>
<arguments>
<arg>5s</arg>
</arguments>
<msg timestamp="20201221 14:44:47.336" level="INFO">Slept 5 seconds</msg>
<status status="PASS" starttime="20201221 14:44:42.321" endtime="20201221 14:44:47.336"></status>
</kw>
<kw name="Switch Window" library="SeleniumLibrary">
<doc>Switches to browser window matching ``locator``.</doc>
<arguments>
<arg>New</arg>
</arguments>
<status status="PASS" starttime="20201221 14:44:47.336" endtime="20201221 14:44:47.344"></status>
</kw>
<kw name="Sleep" library="BuiltIn">
<doc>Pauses the test executed for the given time.</doc>
<arguments>
<arg>5s</arg>
</arguments>
<msg timestamp="20201221 14:44:52.354" level="INFO">Slept 5 seconds</msg>
<status status="PASS" starttime="20201221 14:44:47.344" endtime="20201221 14:44:52.354"></status>
</kw>
<kw name="Click Element" library="SeleniumLibrary">
<doc>Click the element identified by ``locator``.</doc>
<arguments>
<arg>${languageSelection}</arg>
</arguments>
<msg timestamp="20201221 14:44:52.355" level="INFO">Clicking element '//*[@id='lang-chooser']'.</msg>
<status status="PASS" starttime="20201221 14:44:52.354" endtime="20201221 14:44:54.443"></status>
</kw>
<kw name="Sleep" library="BuiltIn">
<doc>Pauses the test executed for the given time.</doc>
<arguments>
<arg>5s</arg>
</arguments>
<msg timestamp="20201221 14:44:59.449" level="INFO">Slept 5 seconds</msg>
<status status="PASS" starttime="20201221 14:44:54.443" endtime="20201221 14:44:59.449"></status>
</kw>
<kw name="Click Element" library="SeleniumLibrary">
<doc>Click the element identified by ``locator``.</doc>
<arguments>
<arg>${tmpXpath}</arg>
</arguments>
<msg timestamp="20201221 14:44:59.449" level="INFO">Clicking element '//*[@id="lang-chooser"]/div[not(@aria-hidden)]/div[@data-value="hi"]'.</msg>
<status status="PASS" starttime="20201221 14:44:59.449" endtime="20201221 14:44:59.508"></status>
</kw>
<kw name="Set Variable" library="BuiltIn">
<doc>Returns the given values which can then be assigned to a variables.</doc>
<arguments>
<arg>${1}</arg>
</arguments>
<assign>
<var>${languageSwitchStatus}</var>
</assign>
<msg timestamp="20201221 14:44:59.509" level="INFO">${languageSwitchStatus} = 1</msg>
<status status="PASS" starttime="20201221 14:44:59.508" endtime="20201221 14:44:59.510"></status>
</kw>
<status status="PASS" starttime="20201221 14:44:32.057" endtime="20201221 14:44:59.510"></status>
</kw>
<status status="PASS" starttime="20201221 14:44:32.056" endtime="20201221 14:44:59.510"></status>
</kw>
<kw name="Sleep" library="BuiltIn">
<doc>Pauses the test executed for the given time.</doc>
<arguments>
<arg>5s</arg>
</arguments>
<msg timestamp="20201221 14:45:04.516" level="INFO">Slept 5 seconds</msg>
<status status="PASS" starttime="20201221 14:44:59.511" endtime="20201221 14:45:04.516"></status>
</kw>
<kw name="Get Element Attribute" library="SeleniumLibrary">
<doc>Returns the value of ``attribute`` from the element ``locator``.</doc>
<arguments>
<arg>${selectedLanguage}</arg>
<arg>data-value</arg>
</arguments>
<assign>
<var>${actualLanguage}</var>
</assign>
<msg timestamp="20201221 14:45:04.538" level="INFO">${actualLanguage} = hi</msg>
<status status="PASS" starttime="20201221 14:45:04.517" endtime="20201221 14:45:04.538"></status>
</kw>
<kw name="Should Be Equal As Strings" library="BuiltIn">
<doc>Fails if objects are unequal after converting them to strings.</doc>
<arguments>
<arg>${actualLanguage}</arg>
<arg>${languageCode}</arg>
</arguments>
<status status="PASS" starttime="20201221 14:45:04.539" endtime="20201221 14:45:04.539"></status>
</kw>
<kw name="Get Location" library="SeleniumLibrary">
<doc>Returns the current browser window URL.</doc>
<assign>
<var>${currentURL}</var>
</assign>
<msg timestamp="20201221 14:45:04.544" level="INFO">${currentURL} = https://accounts.google.com/signin/v2/identifier?continue=https%3A%2F%2Fmail.google.com%2Fmail%2F&amp;service=mail&amp;sacu=1&amp;rip=1&amp;hl=hi&amp;flowName=GlifWebSignIn&amp;flowEntry=ServiceLogin</msg>
<status status="PASS" starttime="20201221 14:45:04.540" endtime="20201221 14:45:04.544"></status>
</kw>
<kw name="Should Contain" library="BuiltIn">
<doc>Fails if ``container`` does not contain ``item`` one or more times.</doc>
<arguments>
<arg>${currentURL}</arg>
<arg>${languageCode}</arg>
</arguments>
<status status="PASS" starttime="20201221 14:45:04.544" endtime="20201221 14:45:04.544"></status>
</kw>
<kw name="Close Browser" library="SeleniumLibrary" type="teardown">
<doc>Closes the current browser.</doc>
<status status="PASS" starttime="20201221 14:45:04.545" endtime="20201221 14:45:06.793"></status>
</kw>
<doc>Test Case to validate that user is able to change the language as per his/her preference by choosing the Language from drop-down list</doc>
<tags>
<tag>Functional</tag>
<tag>P2</tag>
</tags>
<status status="PASS" starttime="20201221 14:44:20.495" endtime="20201221 14:45:06.794" critical="yes"></status>
</test>
<test id="s1-t8" name="Validate that User Is taken to Forgot Password Flow upon clicking on Forgot Email Link">
<kw name="Open Gmail" library="Keywords_Gmail" type="setup">
<doc>*Keyword to Open Gmail Website on desktop (does not require any parameters)*</doc>
<kw name="Open Browser" library="SeleniumLibrary">
<doc>Opens a new browser instance to the optional ``url``.</doc>
<arguments>
<arg>${url}</arg>
<arg>${browser}</arg>
</arguments>
<msg timestamp="20201221 14:45:06.797" level="INFO">Opening browser 'gc' to base url 'https://mail.google.com/'.</msg>
<status status="PASS" starttime="20201221 14:45:06.796" endtime="20201221 14:45:12.136"></status>
</kw>
<kw name="Maximize Browser Window" library="SeleniumLibrary">
<doc>Maximizes current browser window.</doc>
<status status="PASS" starttime="20201221 14:45:12.137" endtime="20201221 14:45:14.285"></status>
</kw>
<kw name="Element Should Be Visible" library="SeleniumLibrary">
<doc>Verifies that the element identified by ``locator`` is visible.</doc>
<arguments>
<arg>${initialView}</arg>
</arguments>
<msg timestamp="20201221 14:45:14.317" level="INFO">Element '//*[@id="initialView"]' is displayed.</msg>
<status status="PASS" starttime="20201221 14:45:14.285" endtime="20201221 14:45:14.318"></status>
</kw>
<kw name="Sleep" library="BuiltIn">
<doc>Pauses the test executed for the given time.</doc>
<arguments>
<arg>2s</arg>
</arguments>
<msg timestamp="20201221 14:45:16.327" level="INFO">Slept 2 seconds</msg>
<status status="PASS" starttime="20201221 14:45:14.318" endtime="20201221 14:45:16.327"></status>
</kw>
<kw name="Get Element Attribute" library="SeleniumLibrary">
<doc>Returns the value of ``attribute`` from the element ``locator``.</doc>
<arguments>
<arg>${selectedLanguage}</arg>
<arg>data-value</arg>
</arguments>
<assign>
<var>${currentLanguage}</var>
</assign>
<msg timestamp="20201221 14:45:16.343" level="INFO">${currentLanguage} = en-GB</msg>
<status status="PASS" starttime="20201221 14:45:16.327" endtime="20201221 14:45:16.343"></status>
</kw>
<kw name="Run Keyword If" library="BuiltIn">
<doc>Runs the given keyword with the given arguments, if ``condition`` is true.</doc>
<arguments>
<arg>"${currentLanguage}"=="${languageCode}"</arg>
<arg>Log</arg>
<arg>GMail Login locale same as expected; skipping language selection.</arg>
<arg>ELSE</arg>
<arg>Select Language</arg>
<arg>${languageCode}</arg>
</arguments>
<kw name="Log" library="BuiltIn">
<doc>Logs the given message with the given level.</doc>
<arguments>
<arg>GMail Login locale same as expected; skipping language selection.</arg>
</arguments>
<msg timestamp="20201221 14:45:16.343" level="INFO">GMail Login locale same as expected; skipping language selection.</msg>
<status status="PASS" starttime="20201221 14:45:16.343" endtime="20201221 14:45:16.343"></status>
</kw>
<status status="PASS" starttime="20201221 14:45:16.343" endtime="20201221 14:45:16.343"></status>
</kw>
<kw name="Sleep" library="BuiltIn">
<doc>Pauses the test executed for the given time.</doc>
<arguments>
<arg>2s</arg>
</arguments>
<msg timestamp="20201221 14:45:18.347" level="INFO">Slept 2 seconds</msg>
<status status="PASS" starttime="20201221 14:45:16.343" endtime="20201221 14:45:18.347"></status>
</kw>
<status status="PASS" starttime="20201221 14:45:06.796" endtime="20201221 14:45:18.347"></status>
</kw>
<kw name="Click Element" library="SeleniumLibrary">
<doc>Click the element identified by ``locator``.</doc>
<arguments>
<arg>${forgotEmailLink}</arg>
</arguments>
<msg timestamp="20201221 14:45:18.348" level="INFO">Clicking element '//button[contains(text(),"Forgot email?")]'.</msg>
<status status="PASS" starttime="20201221 14:45:18.348" endtime="20201221 14:45:18.416"></status>
</kw>
<kw name="Sleep" library="BuiltIn">
<doc>Pauses the test executed for the given time.</doc>
<arguments>
<arg>5s</arg>
</arguments>
<msg timestamp="20201221 14:45:23.423" level="INFO">Slept 5 seconds</msg>
<status status="PASS" starttime="20201221 14:45:18.417" endtime="20201221 14:45:23.423"></status>
</kw>
<kw name="Element Should Not Be Visible" library="SeleniumLibrary">
<doc>Verifies that the element identified by ``locator`` is NOT visible.</doc>
<arguments>
<arg>${forgotEmailLink}</arg>
</arguments>
<msg timestamp="20201221 14:45:23.434" level="INFO">Element '//button[contains(text(),"Forgot email?")]' did not exist.</msg>
<status status="PASS" starttime="20201221 14:45:23.424" endtime="20201221 14:45:23.434"></status>
</kw>
<kw name="Element Should Not Be Visible" library="SeleniumLibrary">
<doc>Verifies that the element identified by ``locator`` is NOT visible.</doc>
<arguments>
<arg>${learnMoreLink}</arg>
</arguments>
<msg timestamp="20201221 14:45:23.445" level="INFO">Element '//a[contains(text(),'Learn more')]' did not exist.</msg>
<status status="PASS" starttime="20201221 14:45:23.435" endtime="20201221 14:45:23.445"></status>
</kw>
<kw name="Element Should Be Visible" library="SeleniumLibrary">
<doc>Verifies that the element identified by ``locator`` is visible.</doc>
<arguments>
<arg>${nextButtonLink}</arg>
</arguments>
<msg timestamp="20201221 14:45:23.468" level="INFO">Element '//*[@data-primary-action-label='Next']//button' is displayed.</msg>
<status status="PASS" starttime="20201221 14:45:23.446" endtime="20201221 14:45:23.468"></status>
</kw>
<kw name="Close Browser" library="SeleniumLibrary" type="teardown">
<doc>Closes the current browser.</doc>
<status status="PASS" starttime="20201221 14:45:23.469" endtime="20201221 14:45:25.663"></status>
</kw>
<doc>Test Case to validate that user is taken to Forgot Email flow upon clicking of Forgot Email Link</doc>
<tags>
<tag>P2</tag>
<tag>Sanity</tag>
</tags>
<status status="PASS" starttime="20201221 14:45:06.795" endtime="20201221 14:45:25.664" critical="yes"></status>
</test>
<test id="s1-t9" name="Validate that appropriate error message is shown when user clicks on Next button without entering Email/Phone on Forgot Password Screen">
<kw name="Open Gmail" library="Keywords_Gmail" type="setup">
<doc>*Keyword to Open Gmail Website on desktop (does not require any parameters)*</doc>
<kw name="Open Browser" library="SeleniumLibrary">
<doc>Opens a new browser instance to the optional ``url``.</doc>
<arguments>
<arg>${url}</arg>
<arg>${browser}</arg>
</arguments>
<msg timestamp="20201221 14:45:25.667" level="INFO">Opening browser 'gc' to base url 'https://mail.google.com/'.</msg>
<status status="PASS" starttime="20201221 14:45:25.666" endtime="20201221 14:45:30.822"></status>
</kw>
<kw name="Maximize Browser Window" library="SeleniumLibrary">
<doc>Maximizes current browser window.</doc>
<status status="PASS" starttime="20201221 14:45:30.823" endtime="20201221 14:45:32.963"></status>
</kw>
<kw name="Element Should Be Visible" library="SeleniumLibrary">
<doc>Verifies that the element identified by ``locator`` is visible.</doc>
<arguments>
<arg>${initialView}</arg>
</arguments>
<msg timestamp="20201221 14:45:32.995" level="INFO">Element '//*[@id="initialView"]' is displayed.</msg>
<status status="PASS" starttime="20201221 14:45:32.964" endtime="20201221 14:45:32.996"></status>
</kw>
<kw name="Sleep" library="BuiltIn">
<doc>Pauses the test executed for the given time.</doc>
<arguments>
<arg>2s</arg>
</arguments>
<msg timestamp="20201221 14:45:35.001" level="INFO">Slept 2 seconds</msg>
<status status="PASS" starttime="20201221 14:45:32.996" endtime="20201221 14:45:35.001"></status>
</kw>
<kw name="Get Element Attribute" library="SeleniumLibrary">
<doc>Returns the value of ``attribute`` from the element ``locator``.</doc>
<arguments>
<arg>${selectedLanguage}</arg>
<arg>data-value</arg>
</arguments>
<assign>
<var>${currentLanguage}</var>
</assign>
<msg timestamp="20201221 14:45:35.018" level="INFO">${currentLanguage} = en-GB</msg>
<status status="PASS" starttime="20201221 14:45:35.001" endtime="20201221 14:45:35.019"></status>
</kw>
<kw name="Run Keyword If" library="BuiltIn">
<doc>Runs the given keyword with the given arguments, if ``condition`` is true.</doc>
<arguments>
<arg>"${currentLanguage}"=="${languageCode}"</arg>
<arg>Log</arg>
<arg>GMail Login locale same as expected; skipping language selection.</arg>
<arg>ELSE</arg>
<arg>Select Language</arg>
<arg>${languageCode}</arg>
</arguments>
<kw name="Log" library="BuiltIn">
<doc>Logs the given message with the given level.</doc>
<arguments>
<arg>GMail Login locale same as expected; skipping language selection.</arg>
</arguments>
<msg timestamp="20201221 14:45:35.020" level="INFO">GMail Login locale same as expected; skipping language selection.</msg>
<status status="PASS" starttime="20201221 14:45:35.020" endtime="20201221 14:45:35.020"></status>
</kw>
<status status="PASS" starttime="20201221 14:45:35.019" endtime="20201221 14:45:35.020"></status>
</kw>
<kw name="Sleep" library="BuiltIn">
<doc>Pauses the test executed for the given time.</doc>
<arguments>
<arg>2s</arg>
</arguments>
<msg timestamp="20201221 14:45:37.030" level="INFO">Slept 2 seconds</msg>
<status status="PASS" starttime="20201221 14:45:35.020" endtime="20201221 14:45:37.030"></status>
</kw>
<status status="PASS" starttime="20201221 14:45:25.666" endtime="20201221 14:45:37.030"></status>
</kw>
<kw name="Click Element" library="SeleniumLibrary">
<doc>Click the element identified by ``locator``.</doc>
<arguments>
<arg>${forgotEmailLink}</arg>
</arguments>
<msg timestamp="20201221 14:45:37.032" level="INFO">Clicking element '//button[contains(text(),"Forgot email?")]'.</msg>
<status status="PASS" starttime="20201221 14:45:37.032" endtime="20201221 14:45:37.109"></status>
</kw>
<kw name="Sleep" library="BuiltIn">
<doc>Pauses the test executed for the given time.</doc>
<arguments>
<arg>5s</arg>
</arguments>
<msg timestamp="20201221 14:45:42.117" level="INFO">Slept 5 seconds</msg>
<status status="PASS" starttime="20201221 14:45:37.110" endtime="20201221 14:45:42.117"></status>
</kw>
<kw name="Click Element" library="SeleniumLibrary">
<doc>Click the element identified by ``locator``.</doc>
<arguments>
<arg>${nextButtonLink}</arg>
</arguments>
<msg timestamp="20201221 14:45:42.118" level="INFO">Clicking element '//*[@data-primary-action-label='Next']//button'.</msg>
<status status="PASS" starttime="20201221 14:45:42.118" endtime="20201221 14:45:42.183"></status>
</kw>
<kw name="Sleep" library="BuiltIn">
<doc>Pauses the test executed for the given time.</doc>
<arguments>
<arg>2s</arg>
</arguments>
<msg timestamp="20201221 14:45:44.190" level="INFO">Slept 2 seconds</msg>
<status status="PASS" starttime="20201221 14:45:42.183" endtime="20201221 14:45:44.190"></status>
</kw>
<kw name="Page Should Contain" library="SeleniumLibrary">
<doc>Verifies that current page contains ``text``.</doc>
<arguments>
<arg>${emptyError}</arg>
</arguments>
<msg timestamp="20201221 14:45:44.215" level="INFO">Current page contains text 'Enter an email or phone number'.</msg>
<status status="PASS" starttime="20201221 14:45:44.190" endtime="20201221 14:45:44.215"></status>
</kw>
<kw name="Close Browser" library="SeleniumLibrary" type="teardown">
<doc>Closes the current browser.</doc>
<status status="PASS" starttime="20201221 14:45:44.216" endtime="20201221 14:45:46.418"></status>
</kw>
<doc>Test Case to Validate that appropriate error message is shown when user clicks on Next button without entering Email/Phone on Forgot Password Screen</doc>
<tags>
<tag>Functional</tag>
<tag>P1</tag>
</tags>
<status status="PASS" starttime="20201221 14:45:25.665" endtime="20201221 14:45:46.418" critical="yes"></status>
</test>
<test id="s1-t10" name="Validate that appropriate error message is shown when user provides invalid Username, First Name and Last Name during Forgot Password Flow">
<kw name="Open Gmail" library="Keywords_Gmail" type="setup">
<doc>*Keyword to Open Gmail Website on desktop (does not require any parameters)*</doc>
<kw name="Open Browser" library="SeleniumLibrary">
<doc>Opens a new browser instance to the optional ``url``.</doc>
<arguments>
<arg>${url}</arg>
<arg>${browser}</arg>
</arguments>
<msg timestamp="20201221 14:45:46.422" level="INFO">Opening browser 'gc' to base url 'https://mail.google.com/'.</msg>
<status status="PASS" starttime="20201221 14:45:46.421" endtime="20201221 14:45:51.589"></status>
</kw>
<kw name="Maximize Browser Window" library="SeleniumLibrary">
<doc>Maximizes current browser window.</doc>
<status status="PASS" starttime="20201221 14:45:51.589" endtime="20201221 14:45:53.728"></status>
</kw>
<kw name="Element Should Be Visible" library="SeleniumLibrary">
<doc>Verifies that the element identified by ``locator`` is visible.</doc>
<arguments>
<arg>${initialView}</arg>
</arguments>
<msg timestamp="20201221 14:45:53.772" level="INFO">Element '//*[@id="initialView"]' is displayed.</msg>
<status status="PASS" starttime="20201221 14:45:53.728" endtime="20201221 14:45:53.772"></status>
</kw>
<kw name="Sleep" library="BuiltIn">
<doc>Pauses the test executed for the given time.</doc>
<arguments>
<arg>2s</arg>
</arguments>
<msg timestamp="20201221 14:45:55.774" level="INFO">Slept 2 seconds</msg>
<status status="PASS" starttime="20201221 14:45:53.772" endtime="20201221 14:45:55.774"></status>
</kw>
<kw name="Get Element Attribute" library="SeleniumLibrary">
<doc>Returns the value of ``attribute`` from the element ``locator``.</doc>
<arguments>
<arg>${selectedLanguage}</arg>
<arg>data-value</arg>
</arguments>
<assign>
<var>${currentLanguage}</var>
</assign>
<msg timestamp="20201221 14:45:55.791" level="INFO">${currentLanguage} = en-GB</msg>
<status status="PASS" starttime="20201221 14:45:55.774" endtime="20201221 14:45:55.791"></status>
</kw>
<kw name="Run Keyword If" library="BuiltIn">
<doc>Runs the given keyword with the given arguments, if ``condition`` is true.</doc>
<arguments>
<arg>"${currentLanguage}"=="${languageCode}"</arg>
<arg>Log</arg>
<arg>GMail Login locale same as expected; skipping language selection.</arg>
<arg>ELSE</arg>
<arg>Select Language</arg>
<arg>${languageCode}</arg>
</arguments>
<kw name="Log" library="BuiltIn">
<doc>Logs the given message with the given level.</doc>
<arguments>
<arg>GMail Login locale same as expected; skipping language selection.</arg>
</arguments>
<msg timestamp="20201221 14:45:55.792" level="INFO">GMail Login locale same as expected; skipping language selection.</msg>
<status status="PASS" starttime="20201221 14:45:55.791" endtime="20201221 14:45:55.792"></status>
</kw>
<status status="PASS" starttime="20201221 14:45:55.791" endtime="20201221 14:45:55.792"></status>
</kw>
<kw name="Sleep" library="BuiltIn">
<doc>Pauses the test executed for the given time.</doc>
<arguments>
<arg>2s</arg>
</arguments>
<msg timestamp="20201221 14:45:57.796" level="INFO">Slept 2 seconds</msg>
<status status="PASS" starttime="20201221 14:45:55.792" endtime="20201221 14:45:57.796"></status>
</kw>
<status status="PASS" starttime="20201221 14:45:46.421" endtime="20201221 14:45:57.796"></status>
</kw>
<kw name="Click Element" library="SeleniumLibrary">
<doc>Click the element identified by ``locator``.</doc>
<arguments>
<arg>${forgotEmailLink}</arg>
</arguments>
<msg timestamp="20201221 14:45:57.797" level="INFO">Clicking element '//button[contains(text(),"Forgot email?")]'.</msg>
<status status="PASS" starttime="20201221 14:45:57.797" endtime="20201221 14:45:57.860"></status>
</kw>
<kw name="Sleep" library="BuiltIn">
<doc>Pauses the test executed for the given time.</doc>
<arguments>
<arg>5s</arg>
</arguments>
<msg timestamp="20201221 14:46:02.874" level="INFO">Slept 5 seconds</msg>
<status status="PASS" starttime="20201221 14:45:57.861" endtime="20201221 14:46:02.874"></status>
</kw>
<kw name="Input Text" library="SeleniumLibrary">
<doc>Types the given ``text`` into the text field identified by ``locator``.</doc>
<arguments>
<arg>${forgotPasswordEmail}</arg>
<arg>invalid.user</arg>
</arguments>
<msg timestamp="20201221 14:46:02.874" level="INFO">Typing text 'invalid.user' into text field '//*[@id='recoveryIdentifierId']'.</msg>
<status status="PASS" starttime="20201221 14:46:02.874" endtime="20201221 14:46:02.989"></status>
</kw>
<kw name="Click Element" library="SeleniumLibrary">
<doc>Click the element identified by ``locator``.</doc>
<arguments>
<arg>${nextButtonLink}</arg>
</arguments>
<msg timestamp="20201221 14:46:02.990" level="INFO">Clicking element '//*[@data-primary-action-label='Next']//button'.</msg>
<status status="PASS" starttime="20201221 14:46:02.990" endtime="20201221 14:46:03.062"></status>
</kw>
<kw name="Sleep" library="BuiltIn">
<doc>Pauses the test executed for the given time.</doc>
<arguments>
<arg>2s</arg>
</arguments>
<msg timestamp="20201221 14:46:05.067" level="INFO">Slept 2 seconds</msg>
<status status="PASS" starttime="20201221 14:46:03.063" endtime="20201221 14:46:05.067"></status>
</kw>
<kw name="Input Text" library="SeleniumLibrary">
<doc>Types the given ``text`` into the text field identified by ``locator``.</doc>
<arguments>
<arg>${forgotPasswordFName}</arg>
<arg>invalid</arg>
</arguments>
<msg timestamp="20201221 14:46:05.067" level="INFO">Typing text 'invalid' into text field '//*[@id='firstName']'.</msg>
<status status="PASS" starttime="20201221 14:46:05.067" endtime="20201221 14:46:05.195"></status>
</kw>
<kw name="Input Text" library="SeleniumLibrary">
<doc>Types the given ``text`` into the text field identified by ``locator``.</doc>
<arguments>
<arg>${forgotPasswordLName}</arg>
<arg>user</arg>
</arguments>
<msg timestamp="20201221 14:46:05.196" level="INFO">Typing text 'user' into text field '//*[@id='lastName']'.</msg>
<status status="PASS" starttime="20201221 14:46:05.196" endtime="20201221 14:46:05.345"></status>
</kw>
<kw name="Click Element" library="SeleniumLibrary">
<doc>Click the element identified by ``locator``.</doc>
<arguments>
<arg>${nextButtonLink}</arg>
</arguments>
<msg timestamp="20201221 14:46:05.347" level="INFO">Clicking element '//*[@data-primary-action-label='Next']//button'.</msg>
<status status="PASS" starttime="20201221 14:46:05.346" endtime="20201221 14:46:05.416"></status>
</kw>
<kw name="Sleep" library="BuiltIn">
<doc>Pauses the test executed for the given time.</doc>
<arguments>
<arg>5s</arg>
</arguments>
<msg timestamp="20201221 14:46:10.427" level="INFO">Slept 5 seconds</msg>
<status status="PASS" starttime="20201221 14:46:05.418" endtime="20201221 14:46:10.427"></status>
</kw>
<kw name="Page Should Contain" library="SeleniumLibrary">
<doc>Verifies that current page contains ``text``.</doc>
<arguments>
<arg>${emptyError}</arg>
</arguments>
<msg timestamp="20201221 14:46:10.458" level="INFO">Current page contains text 'Enter an email or phone number'.</msg>
<status status="PASS" starttime="20201221 14:46:10.427" endtime="20201221 14:46:10.458"></status>
</kw>
<kw name="Close Browser" library="SeleniumLibrary" type="teardown">
<doc>Closes the current browser.</doc>
<status status="PASS" starttime="20201221 14:46:10.458" endtime="20201221 14:46:13.702"></status>
</kw>
<doc>Test Case to Validate that appropriate error message is shown when user provides invalid Username, First Name and Last Name during Forgot Password Flow</doc>
<tags>
<tag>Functional</tag>
<tag>P1</tag>
</tags>
<status status="PASS" starttime="20201221 14:45:46.420" endtime="20201221 14:46:13.702" critical="yes"></status>
</test>
<test id="s1-t11" name="Validate that appropriate error message is shown when user clicks on Next button without entering Email/Phone">
<kw name="Open Gmail" library="Keywords_Gmail" type="setup">
<doc>*Keyword to Open Gmail Website on desktop (does not require any parameters)*</doc>
<kw name="Open Browser" library="SeleniumLibrary">
<doc>Opens a new browser instance to the optional ``url``.</doc>
<arguments>
<arg>${url}</arg>
<arg>${browser}</arg>
</arguments>
<msg timestamp="20201221 14:46:13.706" level="INFO">Opening browser 'gc' to base url 'https://mail.google.com/'.</msg>
<status status="PASS" starttime="20201221 14:46:13.706" endtime="20201221 14:46:18.936"></status>
</kw>
<kw name="Maximize Browser Window" library="SeleniumLibrary">
<doc>Maximizes current browser window.</doc>
<status status="PASS" starttime="20201221 14:46:18.937" endtime="20201221 14:46:21.096"></status>
</kw>
<kw name="Element Should Be Visible" library="SeleniumLibrary">
<doc>Verifies that the element identified by ``locator`` is visible.</doc>
<arguments>
<arg>${initialView}</arg>
</arguments>
<msg timestamp="20201221 14:46:21.140" level="INFO">Element '//*[@id="initialView"]' is displayed.</msg>
<status status="PASS" starttime="20201221 14:46:21.097" endtime="20201221 14:46:21.140"></status>
</kw>
<kw name="Sleep" library="BuiltIn">
<doc>Pauses the test executed for the given time.</doc>
<arguments>
<arg>2s</arg>
</arguments>
<msg timestamp="20201221 14:46:23.153" level="INFO">Slept 2 seconds</msg>
<status status="PASS" starttime="20201221 14:46:21.141" endtime="20201221 14:46:23.153"></status>
</kw>
<kw name="Get Element Attribute" library="SeleniumLibrary">
<doc>Returns the value of ``attribute`` from the element ``locator``.</doc>
<arguments>
<arg>${selectedLanguage}</arg>
<arg>data-value</arg>
</arguments>
<assign>
<var>${currentLanguage}</var>
</assign>
<msg timestamp="20201221 14:46:23.170" level="INFO">${currentLanguage} = en-GB</msg>
<status status="PASS" starttime="20201221 14:46:23.153" endtime="20201221 14:46:23.170"></status>
</kw>
<kw name="Run Keyword If" library="BuiltIn">
<doc>Runs the given keyword with the given arguments, if ``condition`` is true.</doc>
<arguments>
<arg>"${currentLanguage}"=="${languageCode}"</arg>
<arg>Log</arg>
<arg>GMail Login locale same as expected; skipping language selection.</arg>
<arg>ELSE</arg>
<arg>Select Language</arg>
<arg>${languageCode}</arg>
</arguments>
<kw name="Log" library="BuiltIn">
<doc>Logs the given message with the given level.</doc>
<arguments>
<arg>GMail Login locale same as expected; skipping language selection.</arg>
</arguments>
<msg timestamp="20201221 14:46:23.171" level="INFO">GMail Login locale same as expected; skipping language selection.</msg>
<status status="PASS" starttime="20201221 14:46:23.170" endtime="20201221 14:46:23.171"></status>
</kw>
<status status="PASS" starttime="20201221 14:46:23.170" endtime="20201221 14:46:23.171"></status>
</kw>
<kw name="Sleep" library="BuiltIn">
<doc>Pauses the test executed for the given time.</doc>
<arguments>
<arg>2s</arg>
</arguments>
<msg timestamp="20201221 14:46:25.184" level="INFO">Slept 2 seconds</msg>
<status status="PASS" starttime="20201221 14:46:23.171" endtime="20201221 14:46:25.184"></status>
</kw>
<status status="PASS" starttime="20201221 14:46:13.705" endtime="20201221 14:46:25.184"></status>
</kw>
<kw name="Click Element" library="SeleniumLibrary">
<doc>Click the element identified by ``locator``.</doc>
<arguments>
<arg>${nextButtonLink}</arg>
</arguments>
<msg timestamp="20201221 14:46:25.185" level="INFO">Clicking element '//*[@data-primary-action-label='Next']//button'.</msg>
<status status="PASS" starttime="20201221 14:46:25.185" endtime="20201221 14:46:25.293"></status>
</kw>
<kw name="Sleep" library="BuiltIn">
<doc>Pauses the test executed for the given time.</doc>
<arguments>
<arg>2s</arg>
</arguments>
<msg timestamp="20201221 14:46:27.297" level="INFO">Slept 2 seconds</msg>
<status status="PASS" starttime="20201221 14:46:25.293" endtime="20201221 14:46:27.297"></status>
</kw>
<kw name="Page Should Contain" library="SeleniumLibrary">
<doc>Verifies that current page contains ``text``.</doc>
<arguments>
<arg>${emptyError}</arg>
</arguments>
<msg timestamp="20201221 14:46:27.331" level="INFO">Current page contains text 'Enter an email or phone number'.</msg>
<status status="PASS" starttime="20201221 14:46:27.297" endtime="20201221 14:46:27.331"></status>
</kw>
<kw name="Close Browser" library="SeleniumLibrary" type="teardown">
<doc>Closes the current browser.</doc>
<status status="PASS" starttime="20201221 14:46:27.331" endtime="20201221 14:46:31.907"></status>
</kw>
<doc>Test Case to Validate that appropriate error message is shown when user clicks on Next button without entering Email/Phone</doc>
<tags>
<tag>Functional</tag>
<tag>P1</tag>
</tags>
<status status="PASS" starttime="20201221 14:46:13.704" endtime="20201221 14:46:31.907" critical="yes"></status>
</test>
<test id="s1-t12" name="Validate that appropriate error message is shown when user provides Incorrect Email">
<kw name="Open Gmail" library="Keywords_Gmail" type="setup">
<doc>*Keyword to Open Gmail Website on desktop (does not require any parameters)*</doc>
<kw name="Open Browser" library="SeleniumLibrary">
<doc>Opens a new browser instance to the optional ``url``.</doc>
<arguments>
<arg>${url}</arg>
<arg>${browser}</arg>
</arguments>
<msg timestamp="20201221 14:46:31.912" level="INFO">Opening browser 'gc' to base url 'https://mail.google.com/'.</msg>
<status status="PASS" starttime="20201221 14:46:31.911" endtime="20201221 14:46:37.022"></status>
</kw>
<kw name="Maximize Browser Window" library="SeleniumLibrary">
<doc>Maximizes current browser window.</doc>
<status status="PASS" starttime="20201221 14:46:37.023" endtime="20201221 14:46:39.191"></status>
</kw>
<kw name="Element Should Be Visible" library="SeleniumLibrary">
<doc>Verifies that the element identified by ``locator`` is visible.</doc>
<arguments>
<arg>${initialView}</arg>
</arguments>
<msg timestamp="20201221 14:46:39.224" level="INFO">Element '//*[@id="initialView"]' is displayed.</msg>
<status status="PASS" starttime="20201221 14:46:39.191" endtime="20201221 14:46:39.224"></status>
</kw>
<kw name="Sleep" library="BuiltIn">
<doc>Pauses the test executed for the given time.</doc>
<arguments>
<arg>2s</arg>
</arguments>
<msg timestamp="20201221 14:46:41.233" level="INFO">Slept 2 seconds</msg>
<status status="PASS" starttime="20201221 14:46:39.225" endtime="20201221 14:46:41.233"></status>
</kw>
<kw name="Get Element Attribute" library="SeleniumLibrary">
<doc>Returns the value of ``attribute`` from the element ``locator``.</doc>
<arguments>
<arg>${selectedLanguage}</arg>
<arg>data-value</arg>
</arguments>
<assign>
<var>${currentLanguage}</var>
</assign>
<msg timestamp="20201221 14:46:41.250" level="INFO">${currentLanguage} = en-GB</msg>
<status status="PASS" starttime="20201221 14:46:41.233" endtime="20201221 14:46:41.250"></status>
</kw>
<kw name="Run Keyword If" library="BuiltIn">
<doc>Runs the given keyword with the given arguments, if ``condition`` is true.</doc>
<arguments>
<arg>"${currentLanguage}"=="${languageCode}"</arg>
<arg>Log</arg>
<arg>GMail Login locale same as expected; skipping language selection.</arg>
<arg>ELSE</arg>
<arg>Select Language</arg>
<arg>${languageCode}</arg>
</arguments>
<kw name="Log" library="BuiltIn">
<doc>Logs the given message with the given level.</doc>
<arguments>
<arg>GMail Login locale same as expected; skipping language selection.</arg>
</arguments>
<msg timestamp="20201221 14:46:41.251" level="INFO">GMail Login locale same as expected; skipping language selection.</msg>
<status status="PASS" starttime="20201221 14:46:41.251" endtime="20201221 14:46:41.251"></status>
</kw>
<status status="PASS" starttime="20201221 14:46:41.250" endtime="20201221 14:46:41.251"></status>
</kw>
<kw name="Sleep" library="BuiltIn">
<doc>Pauses the test executed for the given time.</doc>
<arguments>
<arg>2s</arg>
</arguments>
<msg timestamp="20201221 14:46:43.266" level="INFO">Slept 2 seconds</msg>
<status status="PASS" starttime="20201221 14:46:41.251" endtime="20201221 14:46:43.266"></status>
</kw>
<status status="PASS" starttime="20201221 14:46:31.910" endtime="20201221 14:46:43.266"></status>
</kw>
<kw name="Input Text" library="SeleniumLibrary">
<doc>Types the given ``text`` into the text field identified by ``locator``.</doc>
<arguments>
<arg>${emailInputField}</arg>
<arg>${invalidEmail}</arg>
</arguments>
<msg timestamp="20201221 14:46:43.267" level="INFO">Typing text 'wrong.user' into text field '//*[@id='identifierId']'.</msg>
<status status="PASS" starttime="20201221 14:46:43.267" endtime="20201221 14:46:43.387"></status>
</kw>
<kw name="Click Element" library="SeleniumLibrary">
<doc>Click the element identified by ``locator``.</doc>
<arguments>
<arg>${nextButtonLink}</arg>
</arguments>
<msg timestamp="20201221 14:46:43.388" level="INFO">Clicking element '//*[@data-primary-action-label='Next']//button'.</msg>
<status status="PASS" starttime="20201221 14:46:43.388" endtime="20201221 14:46:43.451"></status>
</kw>
<kw name="Sleep" library="BuiltIn">
<doc>Pauses the test executed for the given time.</doc>
<arguments>
<arg>2s</arg>
</arguments>
<msg timestamp="20201221 14:46:45.453" level="INFO">Slept 2 seconds</msg>
<status status="PASS" starttime="20201221 14:46:43.452" endtime="20201221 14:46:45.453"></status>
</kw>
<kw name="Page Should Contain" library="SeleniumLibrary">
<doc>Verifies that current page contains ``text``.</doc>
<arguments>
<arg>${incorrectAccount}</arg>
</arguments>
<msg timestamp="20201221 14:46:45.475" level="INFO">Current page contains text 'Couldn't find your Google Account'.</msg>
<status status="PASS" starttime="20201221 14:46:45.453" endtime="20201221 14:46:45.475"></status>
</kw>
<kw name="Close Browser" library="SeleniumLibrary" type="teardown">
<doc>Closes the current browser.</doc>
<status status="PASS" starttime="20201221 14:46:45.475" endtime="20201221 14:46:48.978"></status>
</kw>
<doc>Test Case to Validate that appropriate error message is shown when user provides Incorrect Email</doc>
<tags>
<tag>Functional</tag>
<tag>P1</tag>
</tags>
<status status="PASS" starttime="20201221 14:46:31.909" endtime="20201221 14:46:48.979" critical="yes"></status>
</test>
<test id="s1-t13" name="Validate that appropriate error message is shown when user provides Incorrect Phone">
<kw name="Open Gmail" library="Keywords_Gmail" type="setup">
<doc>*Keyword to Open Gmail Website on desktop (does not require any parameters)*</doc>
<kw name="Open Browser" library="SeleniumLibrary">
<doc>Opens a new browser instance to the optional ``url``.</doc>
<arguments>
<arg>${url}</arg>
<arg>${browser}</arg>
</arguments>
<msg timestamp="20201221 14:46:48.981" level="INFO">Opening browser 'gc' to base url 'https://mail.google.com/'.</msg>
<status status="PASS" starttime="20201221 14:46:48.981" endtime="20201221 14:46:54.034"></status>
</kw>
<kw name="Maximize Browser Window" library="SeleniumLibrary">
<doc>Maximizes current browser window.</doc>
<status status="PASS" starttime="20201221 14:46:54.035" endtime="20201221 14:46:56.192"></status>
</kw>
<kw name="Element Should Be Visible" library="SeleniumLibrary">
<doc>Verifies that the element identified by ``locator`` is visible.</doc>
<arguments>
<arg>${initialView}</arg>
</arguments>
<msg timestamp="20201221 14:46:56.236" level="INFO">Element '//*[@id="initialView"]' is displayed.</msg>
<status status="PASS" starttime="20201221 14:46:56.192" endtime="20201221 14:46:56.236"></status>
</kw>
<kw name="Sleep" library="BuiltIn">
<doc>Pauses the test executed for the given time.</doc>
<arguments>
<arg>2s</arg>
</arguments>
<msg timestamp="20201221 14:46:58.247" level="INFO">Slept 2 seconds</msg>
[...]
</kw>
<kw name="Run Keyword If" library="BuiltIn">
<doc>Runs the given keyword with the given arguments, if ``condition`` is true.</doc>
<arguments>
<arg>"${currentLanguage}"=="${languageCode}"</arg>
<arg>Log</arg>
<arg>GMail Login locale same as expected; skipping language selection.</arg>
<arg>ELSE</arg>
<arg>Select Language</arg>
<arg>${languageCode}</arg>
</arguments>
<kw name="Log" library="BuiltIn">
<doc>Logs the given message with the given level.</doc>
<arguments>
<arg>GMail Login locale same as expected; skipping language selection.</arg>
</arguments>
<msg timestamp="20201221 14:47:14.223" level="INFO">GMail Login locale same as expected; skipping language selection.</msg>
<status status="PASS" starttime="20201221 14:47:14.223" endtime="20201221 14:47:14.223"></status>
</kw>
<status status="PASS" starttime="20201221 14:47:14.223" endtime="20201221 14:47:14.223"></status>
</kw>
<kw name="Sleep" library="BuiltIn">
<doc>Pauses the test executed for the given time.</doc>
<arguments>
<arg>2s</arg>
</arguments>
<msg timestamp="20201221 14:47:16.225" level="INFO">Slept 2 seconds</msg>
<status status="PASS" starttime="20201221 14:47:14.224" endtime="20201221 14:47:16.225"></status>
</kw>
<status status="PASS" starttime="20201221 14:47:04.692" endtime="20201221 14:47:16.225"></status>
</kw>
<kw name="Input Text" library="SeleniumLibrary">
<doc>Types the given ``text`` into the text field identified by ``locator``.</doc>
<arguments>
<arg>${emailInputField}</arg>
<arg>${username}</arg>
</arguments>
<msg timestamp="20201221 14:47:16.226" level="INFO">Typing text 'ckarve.automation.assignment' into text field '//*[@id='identifierId']'.</msg>
<status status="PASS" starttime="20201221 14:47:16.226" endtime="20201221 14:47:16.411"></status>
</kw>
<kw name="Click Element" library="SeleniumLibrary">
<doc>Click the element identified by ``locator``.</doc>
<arguments>
<arg>${nextButtonLink}</arg>
</arguments>
<msg timestamp="20201221 14:47:16.412" level="INFO">Clicking element '//*[@data-primary-action-label='Next']//button'.</msg>
<status status="PASS" starttime="20201221 14:47:16.412" endtime="20201221 14:47:16.481"></status>
</kw>
<kw name="Sleep" library="BuiltIn">
<doc>Pauses the test executed for the given time.</doc>
<arguments>
<arg>2s</arg>
</arguments>
<msg timestamp="20201221 14:47:18.485" level="INFO">Slept 2 seconds</msg>
<status status="PASS" starttime="20201221 14:47:16.482" endtime="20201221 14:47:18.485"></status>
</kw>
<kw name="Click Element" library="SeleniumLibrary">
<doc>Click the element identified by ``locator``.</doc>
<arguments>
<arg>${switchUserName}</arg>
</arguments>
<msg timestamp="20201221 14:47:18.486" level="INFO">Clicking element '//*[contains(@aria-label,"ckarve.automation.assignment@gmail.com")]'.</msg>
<status status="PASS" starttime="20201221 14:47:18.486" endtime="20201221 14:47:18.558"></status>
</kw>
<kw name="Sleep" library="BuiltIn">
<doc>Pauses the test executed for the given time.</doc>
<arguments>
<arg>2s</arg>
</arguments>
<msg timestamp="20201221 14:47:20.565" level="INFO">Slept 2 seconds</msg>
<status status="PASS" starttime="20201221 14:47:18.558" endtime="20201221 14:47:20.565"></status>
</kw>
<kw name="Element Attribute Value Should Be" library="SeleniumLibrary">
<doc>Verifies element identified by ``locator`` contains expected attribute value.</doc>
<arguments>
<arg>${emailInputField}</arg>
<arg>data-initial-value</arg>
<arg>${username}</arg>
</arguments>
<msg timestamp="20201221 14:47:20.578" level="INFO">Element '//*[@id='identifierId']' attribute 'data-initial-value' contains value 'ckarve.automation.assignment'.</msg>
<status status="PASS" starttime="20201221 14:47:20.565" endtime="20201221 14:47:20.578"></status>
</kw>
<kw name="Close Browser" library="SeleniumLibrary" type="teardown">
<doc>Closes the current browser.</doc>
<status status="PASS" starttime="20201221 14:47:20.579" endtime="20201221 14:47:22.753"></status>
</kw>
<doc>Test Case to Validate that user can change the Username upon clicking Email/Phone field on Enter Password Window</doc>
<tags>
<tag>Functional</tag>
<tag>P2</tag>
</tags>
<status status="PASS" starttime="20201221 14:47:04.691" endtime="20201221 14:47:22.754" critical="yes"></status>
</test>
<test id="s1-t15" name="Validate that appropriate error message is shown when user provides incorrect Password">
<kw name="Open Gmail" library="Keywords_Gmail" type="setup">
<doc>*Keyword to Open Gmail Website on desktop (does not require any parameters)*</doc>
<kw name="Open Browser" library="SeleniumLibrary">
<doc>Opens a new browser instance to the optional ``url``.</doc>
<arguments>
<arg>${url}</arg>
<arg>${browser}</arg>
</arguments>
<msg timestamp="20201221 14:47:22.756" level="INFO">Opening browser 'gc' to base url 'https://mail.google.com/'.</msg>
<status status="PASS" starttime="20201221 14:47:22.756" endtime="20201221 14:47:27.955"></status>
</kw>
<kw name="Maximize Browser Window" library="SeleniumLibrary">
<doc>Maximizes current browser window.</doc>
<status status="PASS" starttime="20201221 14:47:27.955" endtime="20201221 14:47:30.113"></status>
</kw>
<kw name="Element Should Be Visible" library="SeleniumLibrary">
<doc>Verifies that the element identified by ``locator`` is visible.</doc>
<arguments>
<arg>${initialView}</arg>
</arguments>
<msg timestamp="20201221 14:47:30.147" level="INFO">Element '//*[@id="initialView"]' is displayed.</msg>
<status status="PASS" starttime="20201221 14:47:30.113" endtime="20201221 14:47:30.147"></status>
</kw>
<kw name="Sleep" library="BuiltIn">
<doc>Pauses the test executed for the given time.</doc>
<arguments>
<arg>2s</arg>
</arguments>
<msg timestamp="20201221 14:47:32.163" level="INFO">Slept 2 seconds</msg>
<status status="PASS" starttime="20201221 14:47:30.147" endtime="20201221 14:47:32.163"></status>
</kw>
<kw name="Get Element Attribute" library="SeleniumLibrary">
<doc>Returns the value of ``attribute`` from the element ``locator``.</doc>
<arguments>
<arg>${selectedLanguage}</arg>
<arg>data-value</arg>
</arguments>
<assign>
<var>${currentLanguage}</var>
</assign>
<msg timestamp="20201221 14:47:32.179" level="INFO">${currentLanguage} = en-GB</msg>
<status status="PASS" starttime="20201221 14:47:32.163" endtime="20201221 14:47:32.179"></status>
</kw>
<kw name="Run Keyword If" library="BuiltIn">
<doc>Runs the given keyword with the given arguments, if ``condition`` is true.</doc>
<arguments>
<arg>"${currentLanguage}"=="${languageCode}"</arg>
<arg>Log</arg>
<arg>GMail Login locale same as expected; skipping language selection.</arg>
<arg>ELSE</arg>
<arg>Select Language</arg>
<arg>${languageCode}</arg>
</arguments>
<kw name="Log" library="BuiltIn">
<doc>Logs the given message with the given level.</doc>
<arguments>
<arg>GMail Login locale same as expected; skipping language selection.</arg>
</arguments>
<msg timestamp="20201221 14:47:32.180" level="INFO">GMail Login locale same as expected; skipping language selection.</msg>
<status status="PASS" starttime="20201221 14:47:32.180" endtime="20201221 14:47:32.180"></status>
</kw>
<status status="PASS" starttime="20201221 14:47:32.179" endtime="20201221 14:47:32.180"></status>
</kw>
<kw name="Sleep" library="BuiltIn">
<doc>Pauses the test executed for the given time.</doc>
<arguments>
<arg>2s</arg>
</arguments>
<msg timestamp="20201221 14:47:34.189" level="INFO">Slept 2 seconds</msg>
<status status="PASS" starttime="20201221 14:47:32.180" endtime="20201221 14:47:34.189"></status>
</kw>
<status status="PASS" starttime="20201221 14:47:22.756" endtime="20201221 14:47:34.189"></status>
</kw>
<kw name="Input Text" library="SeleniumLibrary">
<doc>Types the given ``text`` into the text field identified by ``locator``.</doc>
<arguments>
<arg>${emailInputField}</arg>
<arg>${username}</arg>
</arguments>
<msg timestamp="20201221 14:47:34.190" level="INFO">Typing text 'ckarve.automation.assignment' into text field '//*[@id='identifierId']'.</msg>
<status status="PASS" starttime="20201221 14:47:34.190" endtime="20201221 14:47:34.379"></status>
</kw>
<kw name="Click Element" library="SeleniumLibrary">
<doc>Click the element identified by ``locator``.</doc>
<arguments>
<arg>${nextButtonLink}</arg>
</arguments>
<msg timestamp="20201221 14:47:34.380" level="INFO">Clicking element '//*[@data-primary-action-label='Next']//button'.</msg>
<status status="PASS" starttime="20201221 14:47:34.379" endtime="20201221 14:47:34.452"></status>
</kw>
<kw name="Sleep" library="BuiltIn">
<doc>Pauses the test executed for the given time.</doc>
<arguments>
<arg>2s</arg>
</arguments>
<msg timestamp="20201221 14:47:36.463" level="INFO">Slept 2 seconds</msg>
<status status="PASS" starttime="20201221 14:47:34.452" endtime="20201221 14:47:36.463"></status>
</kw>
<kw name="Input Text" library="SeleniumLibrary">
<doc>Types the given ``text`` into the text field identified by ``locator``.</doc>
<arguments>
<arg>${passwordField}</arg>
<arg>${invalidPassword}</arg>
</arguments>
<msg timestamp="20201221 14:47:36.464" level="INFO">Typing text 'invalidPassword' into text field '//*[@id='password']//input'.</msg>
<status status="PASS" starttime="20201221 14:47:36.464" endtime="20201221 14:47:36.573"></status>
</kw>
<kw name="Click Element" library="SeleniumLibrary">
<doc>Click the element identified by ``locator``.</doc>
<arguments>
<arg>${nextButtonLink}</arg>
</arguments>
<msg timestamp="20201221 14:47:36.574" level="INFO">Clicking element '//*[@data-primary-action-label='Next']//button'.</msg>
<status status="PASS" starttime="20201221 14:47:36.574" endtime="20201221 14:47:36.635"></status>
</kw>
<kw name="Sleep" library="BuiltIn">
<doc>Pauses the test executed for the given time.</doc>
<arguments>
<arg>2s</arg>
</arguments>
<msg timestamp="20201221 14:47:38.641" level="INFO">Slept 2 seconds</msg>
<status status="PASS" starttime="20201221 14:47:36.635" endtime="20201221 14:47:38.641"></status>
</kw>
<kw name="Page Should Contain" library="SeleniumLibrary">
<doc>Verifies that current page contains ``text``.</doc>
<arguments>
<arg>${incorrectPassword}</arg>
</arguments>
<msg timestamp="20201221 14:47:38.663" level="INFO">Current page contains text 'Wrong password. Try again or click Forgot password to reset it.'.</msg>
<status status="PASS" starttime="20201221 14:47:38.641" endtime="20201221 14:47:38.663"></status>
</kw>
<kw name="Close Browser" library="SeleniumLibrary" type="teardown">
<doc>Closes the current browser.</doc>
<status status="PASS" starttime="20201221 14:47:38.664" endtime="20201221 14:47:40.839"></status>
</kw>
<doc>Test Case to Validate that appropriate error message is shown when user provides incorrect Password</doc>
<tags>
<tag>Functional</tag>
<tag>P2</tag>
</tags>
<status status="PASS" starttime="20201221 14:47:22.755" endtime="20201221 14:47:40.840" critical="yes"></status>
</test>
<test id="s1-t16" name="Validate that user is able to login with valid username and password">
<kw name="Open Gmail" library="Keywords_Gmail" type="setup">
<doc>*Keyword to Open Gmail Website on desktop (does not require any parameters)*</doc>
<kw name="Open Browser" library="SeleniumLibrary">
<doc>Opens a new browser instance to the optional ``url``.</doc>
<arguments>
<arg>${url}</arg>
<arg>${browser}</arg>
</arguments>
<msg timestamp="20201221 14:47:40.843" level="INFO">Opening browser 'gc' to base url 'https://mail.google.com/'.</msg>
<status status="PASS" starttime="20201221 14:47:40.843" endtime="20201221 14:47:46.105"></status>
</kw>
<kw name="Maximize Browser Window" library="SeleniumLibrary">
<doc>Maximizes current browser window.</doc>
<status status="PASS" starttime="20201221 14:47:46.105" endtime="20201221 14:47:48.270"></status>
</kw>
<kw name="Element Should Be Visible" library="SeleniumLibrary">
<doc>Verifies that the element identified by ``locator`` is visible.</doc>
<arguments>
<arg>${initialView}</arg>
</arguments>
<msg timestamp="20201221 14:47:48.317" level="INFO">Element '//*[@id="initialView"]' is displayed.</msg>
<status status="PASS" starttime="20201221 14:47:48.271" endtime="20201221 14:47:48.317"></status>
</kw>
<kw name="Sleep" library="BuiltIn">
<doc>Pauses the test executed for the given time.</doc>
<arguments>
<arg>2s</arg>
</arguments>
<msg timestamp="20201221 14:47:50.328" level="INFO">Slept 2 seconds</msg>
<status status="PASS" starttime="20201221 14:47:48.318" endtime="20201221 14:47:50.328"></status>
</kw>
<kw name="Get Element Attribute" library="SeleniumLibrary">
<doc>Returns the value of ``attribute`` from the element ``locator``.</doc>
<arguments>
<arg>${selectedLanguage}</arg>
<arg>data-value</arg>
</arguments>
<assign>
<var>${currentLanguage}</var>
</assign>
<msg timestamp="20201221 14:47:50.351" level="INFO">${currentLanguage} = en-GB</msg>
<status status="PASS" starttime="20201221 14:47:50.328" endtime="20201221 14:47:50.352"></status>
</kw>
<kw name="Run Keyword If" library="BuiltIn">
<doc>Runs the given keyword with the given arguments, if ``condition`` is true.</doc>
<arguments>
<arg>"${currentLanguage}"=="${languageCode}"</arg>
<arg>Log</arg>
<arg>GMail Login locale same as expected; skipping language selection.</arg>
<arg>ELSE</arg>
<arg>Select Language</arg>
<arg>${languageCode}</arg>
</arguments>
<kw name="Log" library="BuiltIn">
<doc>Logs the given message with the given level.</doc>
<arguments>
<arg>GMail Login locale same as expected; skipping language selection.</arg>
</arguments>
<msg timestamp="20201221 14:47:50.353" level="INFO">GMail Login locale same as expected; skipping language selection.</msg>
<status status="PASS" starttime="20201221 14:47:50.352" endtime="20201221 14:47:50.353"></status>
</kw>
<status status="PASS" starttime="20201221 14:47:50.352" endtime="20201221 14:47:50.353"></status>
</kw>
<kw name="Sleep" library="BuiltIn">
<doc>Pauses the test executed for the given time.</doc>
<arguments>
<arg>2s</arg>
</arguments>
<msg timestamp="20201221 14:47:52.355" level="INFO">Slept 2 seconds</msg>
<status status="PASS" starttime="20201221 14:47:50.353" endtime="20201221 14:47:52.355"></status>
</kw>
<status status="PASS" starttime="20201221 14:47:40.843" endtime="20201221 14:47:52.355"></status>
</kw>
<kw name="Input Text" library="SeleniumLibrary">
<doc>Types the given ``text`` into the text field identified by ``locator``.</doc>
<arguments>
<arg>${emailInputField}</arg>
<arg>${username}</arg>
</arguments>
<msg timestamp="20201221 14:47:52.356" level="INFO">Typing text 'ckarve.automation.assignment' into text field '//*[@id='identifierId']'.</msg>
<status status="PASS" starttime="20201221 14:47:52.356" endtime="20201221 14:47:52.568"></status>
</kw>
<kw name="Click Element" library="SeleniumLibrary">
<doc>Click the element identified by ``locator``.</doc>
<arguments>
<arg>${nextButtonLink}</arg>
</arguments>
<msg timestamp="20201221 14:47:52.569" level="INFO">Clicking element '//*[@data-primary-action-label='Next']//button'.</msg>
<status status="PASS" starttime="20201221 14:47:52.568" endtime="20201221 14:47:52.639"></status>
</kw>
<kw name="Sleep" library="BuiltIn">
<doc>Pauses the test executed for the given time.</doc>
<arguments>
<arg>2s</arg>
</arguments>
<msg timestamp="20201221 14:47:54.643" level="INFO">Slept 2 seconds</msg>
<status status="PASS" starttime="20201221 14:47:52.639" endtime="20201221 14:47:54.643"></status>
</kw>
<kw name="Input Text" library="SeleniumLibrary">
<doc>Types the given ``text`` into the text field identified by ``locator``.</doc>
<arguments>
<arg>${passwordField}</arg>
<arg>${password}</arg>
</arguments>
<msg timestamp="20201221 14:47:54.644" level="INFO">Typing text 'Automation#1234$' into text field '//*[@id='password']//input'.</msg>
<status status="PASS" starttime="20201221 14:47:54.644" endtime="20201221 14:47:54.758"></status>
</kw>
<kw name="Click Element" library="SeleniumLibrary">
<doc>Click the element identified by ``locator``.</doc>
<arguments>
<arg>${nextButtonLink}</arg>
</arguments>
<msg timestamp="20201221 14:47:54.759" level="INFO">Clicking element '//*[@data-primary-action-label='Next']//button'.</msg>
<status status="PASS" starttime="20201221 14:47:54.759" endtime="20201221 14:47:54.819"></status>
</kw>
<kw name="Sleep" library="BuiltIn">
<doc>Pauses the test executed for the given time.</doc>
<arguments>
<arg>2s</arg>
</arguments>
<msg timestamp="20201221 14:47:56.826" level="INFO">Slept 2 seconds</msg>
<status status="PASS" starttime="20201221 14:47:54.820" endtime="20201221 14:47:56.826"></status>
</kw>
<kw name="Wait Until Element Is Visible" library="SeleniumLibrary">
<doc>Waits until the element ``locator`` is visible.</doc>
<arguments>
<arg>${accountIcon}</arg>
</arguments>
<status status="PASS" starttime="20201221 14:47:56.827" endtime="20201221 14:48:03.357"></status>
</kw>
<kw name="Click Element" library="SeleniumLibrary">
<doc>Click the element identified by ``locator``.</doc>
<arguments>
<arg>${accountIcon}</arg>
</arguments>
<msg timestamp="20201221 14:48:03.359" level="INFO">Clicking element '//*[contains(@aria-label,'Google Account:')]'.</msg>
<status status="PASS" starttime="20201221 14:48:03.359" endtime="20201221 14:48:03.426"></status>
</kw>
<kw name="Click Element" library="SeleniumLibrary">
<doc>Click the element identified by ``locator``.</doc>
<arguments>
<arg>${signOutLink}</arg>
</arguments>
<msg timestamp="20201221 14:48:03.427" level="INFO">Clicking element '//*[contains(@aria-label,'Account Information')]//a[contains(text(),'Sign out')]'.</msg>
<status status="PASS" starttime="20201221 14:48:03.426" endtime="20201221 14:48:04.460"></status>
</kw>
<kw name="Wait Until Element Is Visible" library="SeleniumLibrary">
<doc>Waits until the element ``locator`` is visible.</doc>
<arguments>
<arg>${gmailLogo}</arg>
</arguments>
<status status="PASS" starttime="20201221 14:48:04.461" endtime="20201221 14:48:05.041"></status>
</kw>
<kw name="Page Should Contain" library="SeleniumLibrary">
<doc>Verifies that current page contains ``text``.</doc>
<arguments>
<arg>Choose an account</arg>
</arguments>
<msg timestamp="20201221 14:48:05.276" level="INFO">Current page contains text 'Choose an account'.</msg>
<status status="PASS" starttime="20201221 14:48:05.041" endtime="20201221 14:48:05.276"></status>
</kw>
<kw name="Close Browser" library="SeleniumLibrary" type="teardown">
<doc>Closes the current browser.</doc>
<status status="PASS" starttime="20201221 14:48:05.277" endtime="20201221 14:48:07.481"></status>
</kw>
<doc>Test Case to Validate that user is able to login with valid username and password</doc>
<tags>
<tag>Functional</tag>
<tag>P1</tag>
</tags>
<status status="PASS" starttime="20201221 14:47:40.841" endtime="20201221 14:48:07.482" critical="yes"></status>
</test>
<kw name="Close Browser" library="SeleniumLibrary" type="teardown">
<doc>Closes the current browser.</doc>
<status status="PASS" starttime="20201221 14:48:07.485" endtime="20201221 14:48:07.485"></status>
</kw>
<doc>*Technical Assessment Assignment for Chinmaya Karve*

*Problem Statement : Write Automation for Gmail Login*

*Submitted By : Chinmaya Karve*

*Candidate Email Address : ckarve@gmail.com*

*Candidate Phone Number : +91 9923423346*

*Date Completed : 21st December 2020*</doc>
<status status="PASS" starttime="20201221 14:42:26.169" endtime="20201221 14:48:07.485"></status>
</suite>
<statistics>
<total>
<stat pass="16" fail="0">Critical Tests</stat>
<stat pass="16" fail="0">All Tests</stat>
</total>
<tag>
<stat pass="9" fail="0">Functional</stat>
<stat pass="7" fail="0">P1</stat>
<stat pass="5" fail="0">P2</stat>
<stat pass="4" fail="0">P3</stat>
<stat pass="7" fail="0">Sanity</stat>
<stat pass="1" fail="0">WIP</stat>
</tag>
<suite>
<stat pass="16" fail="0" id="s1" name="TestCases Gmail">TestCases Gmail</stat>
</suite>
</statistics>
<errors>
<msg timestamp="20201221 14:42:26.431" level="ERROR">Error in file 'E:\Important Docs\Chinmaya\Numerator_Assignment\Keywords\Keywords_Gmail.robot' on line 2: Non-existing setting ''.</msg>
</errors>
</robot>
